This is pdfTeX, Version 3.14159265-2.6-1.40.20 (TeX Live 2019/Debian) (preloaded format=pdflatex 2022.3.17)  21 JUN 2022 12:36
entering extended mode
 restricted \write18 enabled.
 %&-line parsing enabled.
**head-master.tex
(./head-master.tex
LaTeX2e <2020-02-02> patch level 2
L3 programming layer <2020-02-14>
(/usr/share/texlive/texmf-dist/tex/latex/base/report.cls
Document Class: report 2019/12/20 v1.4l Standard LaTeX document class
(/usr/share/texlive/texmf-dist/tex/latex/base/size12.clo
File: size12.clo 2019/12/20 v1.4l Standard LaTeX file (size option)
)
\c@part=\count167
\c@chapter=\count168
\c@section=\count169
\c@subsection=\count170
\c@subsubsection=\count171
\c@paragraph=\count172
\c@subparagraph=\count173
\c@figure=\count174
\c@table=\count175
\abovecaptionskip=\skip47
\belowcaptionskip=\skip48
\bibindent=\dimen134
)
(/usr/share/texlive/texmf-dist/tex/latex/geometry/geometry.sty
Package: geometry 2020/01/02 v5.9 Page Geometry

(/usr/share/texlive/texmf-dist/tex/latex/graphics/keyval.sty
Package: keyval 2014/10/28 v1.15 key=value parser (DPC)
\KV@toks@=\toks14
)
(/usr/share/texlive/texmf-dist/tex/generic/iftex/ifvtex.sty
Package: ifvtex 2019/10/25 v1.7 ifvtex legacy package. Use iftex instead.

(/usr/share/texlive/texmf-dist/tex/generic/iftex/iftex.sty
Package: iftex 2019/11/07 v1.0c TeX engine tests
))
\Gm@cnth=\count176
\Gm@cntv=\count177
\c@Gm@tempcnt=\count178
\Gm@bindingoffset=\dimen135
\Gm@wd@mp=\dimen136
\Gm@odd@mp=\dimen137
\Gm@even@mp=\dimen138
\Gm@layoutwidth=\dimen139
\Gm@layoutheight=\dimen140
\Gm@layouthoffset=\dimen141
\Gm@layoutvoffset=\dimen142
\Gm@dimlist=\toks15
)
(/usr/share/texlive/texmf-dist/tex/latex/graphics/graphicx.sty
Package: graphicx 2019/11/30 v1.2a Enhanced LaTeX Graphics (DPC,SPQR)

(/usr/share/texlive/texmf-dist/tex/latex/graphics/graphics.sty
Package: graphics 2019/11/30 v1.4a Standard LaTeX Graphics (DPC,SPQR)

(/usr/share/texlive/texmf-dist/tex/latex/graphics/trig.sty
Package: trig 2016/01/03 v1.10 sin cos tan (DPC)
)
(/usr/share/texlive/texmf-dist/tex/latex/graphics-cfg/graphics.cfg
File: graphics.cfg 2016/06/04 v1.11 sample graphics configuration
)
Package graphics Info: Driver file: pdftex.def on input line 105.

(/usr/share/texlive/texmf-dist/tex/latex/graphics-def/pdftex.def
File: pdftex.def 2018/01/08 v1.0l Graphics/color driver for pdftex
))
\Gin@req@height=\dimen143
\Gin@req@width=\dimen144
)
(/usr/share/texlive/texmf-dist/tex/latex/arabtex/arabtex.sty
(/usr/share/texlive/texmf-dist/tex/latex/arabtex/aconfig.sty
LaTeX2e detected 
BABEL detected
\a@moduledate=\count179
\a@maindate=\count180
)
Package: arabtex 2003/08/22  3.11 ArabTeX main module

(/usr/share/texlive/texmf-dist/tex/latex/arabtex/arabaux.sty
Package: arabaux 2003/05/21  3.11 auxiliary macros for ArabTeX
)
(/usr/share/texlive/texmf-dist/tex/latex/arabtex/acmd.sty
Package: acmd 2003/08/20  3.11 Arabic command processing 
)
(/usr/share/texlive/texmf-dist/tex/latex/arabtex/afonts.sty
Package: afonts 1995/11/16  3.04 define Naskh font 

(/usr/share/texlive/texmf-dist/tex/latex/arabtex/afonts2.sty
Package: afonts2 1998/10/19  3.10 define Naskh fonts for LaTeX2e
))
(/usr/share/texlive/texmf-dist/tex/latex/arabtex/ascan.sty
Package: ascan 2003/08/22  3.11 standard ZDMG input encoding 

(ArabTeX) scanner for code `arabtex' installed.
(ArabTeX) input encoding set to ArabTeX standard conventions.)
(/usr/share/texlive/texmf-dist/tex/latex/arabtex/aparse.sty
Package: aparse 2003/05/26  3.11 get syllables 
)
(/usr/share/texlive/texmf-dist/tex/latex/arabtex/awrite.sty
Package: awrite 2003/06/05  3.11 build output word 

(/usr/share/texlive/texmf-dist/tex/latex/arabtex/xarbsymb.sty
Package: xarbsymb 1998/07/15  3.07 symbolic output encoding 
)
(/usr/share/texlive/texmf-dist/tex/latex/arabtex/arabskel.sty
Package: arabskel 2000/06/04  3.10 character skeleton definitions 
)
(/usr/share/texlive/texmf-dist/tex/latex/arabtex/xarbskel.sty
Package: xarbskel 1999/07/17  3.09 character skeleton definitions 
)
(/usr/share/texlive/texmf-dist/tex/latex/arabtex/aboxes.sty
Package: aboxes 2003/05/28  3.11 build output boxes
)
(/usr/share/texlive/texmf-dist/tex/latex/arabtex/arabtoks.sty
Package: arabtoks 1999/07/17  3.09 ArabTeX CS token definitions 
)
(/usr/share/texlive/texmf-dist/tex/latex/arabtex/arabchrs.sty
Package: arabchrs 1998/07/11  3.07 letter token definitions 
))
(/usr/share/texlive/texmf-dist/tex/latex/arabtex/aligs.sty
Package: aligs 2003/05/26  3.11 compute ligatures
)
(/usr/share/texlive/texmf-dist/tex/latex/arabtex/aoutput.sty
Package: aoutput 2000/06/04  3.10 build output lines
)
(/usr/share/texlive/texmf-dist/tex/latex/arabtex/abidir.sty
Package: abidir 2003/08/22  3.11 bidirectional linebreaking
)
(/usr/share/texlive/texmf-dist/tex/latex/arabtex/atrans.sty
Package: atrans 2003/06/14  3.11 generate the transliteration 

(ArabTeX) ZDMG transliteration.)
(/usr/share/texlive/texmf-dist/tex/latex/arabtex/alatex.sty
Package: alatex 2003/05/04  3.11 ArabTeX extensions for LaTeX 

(/usr/share/texlive/texmf-dist/tex/latex/arabtex/afoot.sty
Package: afoot 2003/05/12  3.11 ArabTeX footnotes
))
(/usr/share/texlive/texmf-dist/tex/latex/arabtex/abjad.sty
Package: abjad 2003/04/26  3.11 abjad numerals 
)
(/usr/share/texlive/texmf-dist/tex/latex/arabtex/apatch.sty
(/usr/share/texlive/texmf-dist/tex/latex/arabtex/alists.sty
Package: alists 2003/04/26  3.11 inverted list macros
)
(/usr/share/texlive/texmf-dist/tex/latex/arabtex/asect.sty
Package: asect 2003/04/26  3.11 section macros for Arabic
)
(/usr/share/texlive/texmf-dist/tex/latex/arabtex/atabg.sty
Package: atabg 1997/01/21  3.05 LaTeX tabbing macros for Arabic
)
(/usr/share/texlive/texmf-dist/tex/latex/arabtex/alocal.sty
(ArabTeX) 3.11 local stub, 26.02.2006)
Package: apatch 2006/07/02  3.11s last minute patches 
)
Arabic processor `ArabTeX' [20060702 patch level 3.11s (02.07.2006)]
(ArabTeX) ... now be patient ... )
(/usr/share/texlive/texmf-dist/tex/latex/arabtex/utf8.sty
(/usr/share/texlive/texmf-dist/tex/latex/arabtex/utfcode.sty
Package: utfcode 2002/03/07  3.10a Arabic+Hebrew segment of UTF-8
\u@lb=\count276
\u@lq=\count277
)
Package: utf8 2000/06/13  3.10 UTF-8 input encoding 

(ArabTeX) scanner for code UTF-8 installed.)
(/usr/share/texlive/texmf-dist/tex/latex/adjustbox/adjustbox.sty
Package: adjustbox 2019/01/04 v1.2 Adjusting TeX boxes (trim, clip, ...)

(/usr/share/texlive/texmf-dist/tex/latex/xkeyval/xkeyval.sty
Package: xkeyval 2014/12/03 v2.7a package option processing (HA)

(/usr/share/texlive/texmf-dist/tex/generic/xkeyval/xkeyval.tex
(/usr/share/texlive/texmf-dist/tex/generic/xkeyval/xkvutils.tex
\XKV@toks=\toks36
\XKV@tempa@toks=\toks37
)
\XKV@depth=\count278
File: xkeyval.tex 2014/12/03 v2.7a key=value parser (HA)
))
(/usr/share/texlive/texmf-dist/tex/latex/adjustbox/adjcalc.sty
Package: adjcalc 2012/05/16 v1.1 Provides advanced setlength with multiple back
-ends (calc, etex, pgfmath)
)
(/usr/share/texlive/texmf-dist/tex/latex/adjustbox/trimclip.sty
Package: trimclip 2018/04/08 v1.1 Trim and clip general TeX material

(/usr/share/texlive/texmf-dist/tex/latex/collectbox/collectbox.sty
Package: collectbox 2012/05/17 v0.4b Collect macro arguments as boxes
\collectedbox=\box60
)
\tc@llx=\dimen167
\tc@lly=\dimen168
\tc@urx=\dimen169
\tc@ury=\dimen170
Package trimclip Info: Using driver 'tc-pdftex.def'.

(/usr/share/texlive/texmf-dist/tex/latex/adjustbox/tc-pdftex.def
File: tc-pdftex.def 2019/01/04 v2.2 Clipping driver for pdftex
))
\adjbox@Width=\dimen171
\adjbox@Height=\dimen172
\adjbox@Depth=\dimen173
\adjbox@Totalheight=\dimen174
\adjbox@pwidth=\dimen175
\adjbox@pheight=\dimen176
\adjbox@pdepth=\dimen177
\adjbox@ptotalheight=\dimen178

(/usr/share/texlive/texmf-dist/tex/latex/ifoddpage/ifoddpage.sty
Package: ifoddpage 2016/04/23 v1.1 Conditionals for odd/even page detection
\c@checkoddpage=\count279
)
(/usr/share/texlive/texmf-dist/tex/latex/varwidth/varwidth.sty
Package: varwidth 2009/03/30 ver 0.92;  Variable-width minipages
\@vwid@box=\box61
\sift@deathcycles=\count280
\@vwid@loff=\dimen179
\@vwid@roff=\dimen180
))
(/usr/share/texlive/texmf-dist/tex/latex/tools/longtable.sty
Package: longtable 2020/01/07 v4.13 Multi-page Table package (DPC)
\LTleft=\skip51
\LTright=\skip52
\LTpre=\skip53
\LTpost=\skip54
\LTchunksize=\count281
\LTcapwidth=\dimen181
\LT@head=\box62
\LT@firsthead=\box63
\LT@foot=\box64
\LT@lastfoot=\box65
\LT@cols=\count282
\LT@rows=\count283
\c@LT@tables=\count284
\c@LT@chunks=\count285
\LT@p@ftn=\toks38
)
(/usr/share/texlive/texmf-dist/tex/latex/caption/caption.sty
Package: caption 2020/01/03 v3.4h Customizing captions (AR)

(/usr/share/texlive/texmf-dist/tex/latex/caption/caption3.sty
Package: caption3 2020/01/03 v1.8h caption3 kernel (AR)
Package caption3 Info: Fixing ArabTeX on input line 44.
Package caption3 Info: TeX engine: e-TeX on input line 61.
\captionmargin=\dimen182
\captionmargin@=\dimen183
\captionwidth=\dimen184
\caption@tempdima=\dimen185
\caption@indent=\dimen186
\caption@parindent=\dimen187
\caption@hangindent=\dimen188
Package caption Info: Standard document class detected.
)
\c@caption@flags=\count286
\c@continuedfloat=\count287
Package caption Info: longtable package is loaded.

(/usr/share/texlive/texmf-dist/tex/latex/caption/ltcaption.sty
Package: ltcaption 2018/08/26 v1.4a longtable captions (AR)
))
(/usr/share/texlive/texmf-dist/tex/latex/caption/subcaption.sty
Package: subcaption 2020/01/22 v1.3d Sub-captions (AR)
\c@subfigure=\count288
\c@subtable=\count289
)
(/usr/share/texlive/texmf-dist/tex/latex/hyperref/hyperref.sty
Package: hyperref 2020/01/14 v7.00d Hypertext links for LaTeX

(/usr/share/texlive/texmf-dist/tex/generic/ltxcmds/ltxcmds.sty
Package: ltxcmds 2019/12/15 v1.24 LaTeX kernel commands for general use (HO)
)
(/usr/share/texlive/texmf-dist/tex/latex/pdftexcmds/pdftexcmds.sty
Package: pdftexcmds 2019/11/24 v0.31 Utility functions of pdfTeX for LuaTeX (HO
)

(/usr/share/texlive/texmf-dist/tex/generic/infwarerr/infwarerr.sty
Package: infwarerr 2019/12/03 v1.5 Providing info/warning/error messages (HO)
)
Package pdftexcmds Info: \pdf@primitive is available.
Package pdftexcmds Info: \pdf@ifprimitive is available.
Package pdftexcmds Info: \pdfdraftmode found.
)
(/usr/share/texlive/texmf-dist/tex/generic/kvsetkeys/kvsetkeys.sty
Package: kvsetkeys 2019/12/15 v1.18 Key value parser (HO)
)
(/usr/share/texlive/texmf-dist/tex/generic/kvdefinekeys/kvdefinekeys.sty
Package: kvdefinekeys 2019-12-19 v1.6 Define keys (HO)
)
(/usr/share/texlive/texmf-dist/tex/generic/pdfescape/pdfescape.sty
Package: pdfescape 2019/12/09 v1.15 Implements pdfTeX's escape features (HO)
)
(/usr/share/texlive/texmf-dist/tex/latex/hycolor/hycolor.sty
Package: hycolor 2020-01-27 v1.10 Color options for hyperref/bookmark (HO)
)
(/usr/share/texlive/texmf-dist/tex/latex/letltxmacro/letltxmacro.sty
Package: letltxmacro 2019/12/03 v1.6 Let assignment for LaTeX macros (HO)
)
(/usr/share/texlive/texmf-dist/tex/latex/auxhook/auxhook.sty
Package: auxhook 2019-12-17 v1.6 Hooks for auxiliary files (HO)


Package auxhook Warning: Cannot patch \document,
(auxhook)                using \AtBeginDocument instead.

) (/usr/share/texlive/texmf-dist/tex/latex/kvoptions/kvoptions.sty
Package: kvoptions 2019/11/29 v3.13 Key value format for package options (HO)
)
\@linkdim=\dimen189
\Hy@linkcounter=\count290
\Hy@pagecounter=\count291

(/usr/share/texlive/texmf-dist/tex/latex/hyperref/pd1enc.def
File: pd1enc.def 2020/01/14 v7.00d Hyperref: PDFDocEncoding definition (HO)
Now handling font encoding PD1 ...
... no UTF-8 mapping file for font encoding PD1
)
(/usr/share/texlive/texmf-dist/tex/generic/intcalc/intcalc.sty
Package: intcalc 2019/12/15 v1.3 Expandable calculations with integers (HO)
)
(/usr/share/texlive/texmf-dist/tex/generic/etexcmds/etexcmds.sty
Package: etexcmds 2019/12/15 v1.7 Avoid name clashes with e-TeX commands (HO)
)
\Hy@SavedSpaceFactor=\count292
\pdfmajorversion=\count293
Package hyperref Info: Hyper figures OFF on input line 4547.
Package hyperref Info: Link nesting OFF on input line 4552.
Package hyperref Info: Hyper index ON on input line 4555.
Package hyperref Info: Plain pages OFF on input line 4562.
Package hyperref Info: Backreferencing OFF on input line 4567.
Package hyperref Info: Implicit mode ON; LaTeX internals redefined.
Package hyperref Info: Bookmarks ON on input line 4800.
\c@Hy@tempcnt=\count294

(/usr/share/texlive/texmf-dist/tex/latex/url/url.sty
\Urlmuskip=\muskip16
Package: url 2013/09/16  ver 3.4  Verb mode for urls, etc.
)
LaTeX Info: Redefining \url on input line 5159.
\XeTeXLinkMargin=\dimen190

(/usr/share/texlive/texmf-dist/tex/generic/bitset/bitset.sty
Package: bitset 2019/12/09 v1.3 Handle bit-vector datatype (HO)

(/usr/share/texlive/texmf-dist/tex/generic/bigintcalc/bigintcalc.sty
Package: bigintcalc 2019/12/15 v1.5 Expandable calculations on big integers (HO
)
))
\Fld@menulength=\count295
\Field@Width=\dimen191
\Fld@charsize=\dimen192
Package hyperref Info: Hyper figures OFF on input line 6430.
Package hyperref Info: Link nesting OFF on input line 6435.
Package hyperref Info: Hyper index ON on input line 6438.
Package hyperref Info: backreferencing OFF on input line 6445.
Package hyperref Info: Link coloring OFF on input line 6450.
Package hyperref Info: Link coloring with OCG OFF on input line 6455.
Package hyperref Info: PDF/A mode OFF on input line 6460.
LaTeX Info: Redefining \ref on input line 6500.
LaTeX Info: Redefining \pageref on input line 6504.

(/usr/share/texlive/texmf-dist/tex/generic/atbegshi/atbegshi.sty
Package: atbegshi 2019/12/05 v1.19 At begin shipout hook (HO)
)
\Hy@abspage=\count296
\c@Item=\count297
\c@Hfootnote=\count298
)
Package hyperref Info: Driver (autodetected): hpdftex.

(/usr/share/texlive/texmf-dist/tex/latex/hyperref/hpdftex.def
File: hpdftex.def 2020/01/14 v7.00d Hyperref driver for pdfTeX

(/usr/share/texlive/texmf-dist/tex/latex/atveryend/atveryend.sty
Package: atveryend 2019-12-11 v1.11 Hooks at the very end of document (HO)
Package atveryend Info: \enddocument detected (standard20110627).
Package atveryend Info: \a@enddocument detected (standard20110627).
)
\Fld@listcount=\count299
\c@bookmark@seq@number=\count300

(/usr/share/texlive/texmf-dist/tex/latex/rerunfilecheck/rerunfilecheck.sty
Package: rerunfilecheck 2019/12/05 v1.9 Rerun checks for auxiliary files (HO)

(/usr/share/texlive/texmf-dist/tex/generic/uniquecounter/uniquecounter.sty
Package: uniquecounter 2019/12/15 v1.4 Provide unlimited unique counter (HO)
)
Package uniquecounter Info: New unique counter `rerunfilecheck' on input line 2
86.
)
\Hy@SectionHShift=\skip55
)
(/usr/share/texlive/texmf-dist/tex/latex/cite/cite.sty
LaTeX Info: Redefining \cite on input line 302.
LaTeX Info: Redefining \nocite on input line 332.
Package: cite 2015/02/27  v 5.5
)
(/usr/share/texlive/texmf-dist/tex/latex/l3backend/l3backend-pdfmode.def
File: l3backend-pdfmode.def 2020-02-03 L3 backend support: PDF mode
\l__kernel_color_stack_int=\count301
\l__pdf_internal_box=\box66
)
(./head-master.aux

LaTeX Warning: Label `fig:mldlcv' multiply defined.


LaTeX Warning: Label `tab:' multiply defined.

)
\openout1 = `head-master.aux'.

LaTeX Font Info:    Checking defaults for OML/cmm/m/it on input line 19.
LaTeX Font Info:    ... okay on input line 19.
LaTeX Font Info:    Checking defaults for OMS/cmsy/m/n on input line 19.
LaTeX Font Info:    ... okay on input line 19.
LaTeX Font Info:    Checking defaults for OT1/cmr/m/n on input line 19.
LaTeX Font Info:    ... okay on input line 19.
LaTeX Font Info:    Checking defaults for T1/cmr/m/n on input line 19.
LaTeX Font Info:    ... okay on input line 19.
LaTeX Font Info:    Checking defaults for TS1/cmr/m/n on input line 19.
LaTeX Font Info:    ... okay on input line 19.
LaTeX Font Info:    Checking defaults for OMX/cmex/m/n on input line 19.
LaTeX Font Info:    ... okay on input line 19.
LaTeX Font Info:    Checking defaults for U/cmr/m/n on input line 19.
LaTeX Font Info:    ... okay on input line 19.
LaTeX Font Info:    Checking defaults for PD1/pdf/m/n on input line 19.
LaTeX Font Info:    ... okay on input line 19.

*geometry* driver: auto-detecting
*geometry* detected driver: pdftex
*geometry* verbose mode - [ preamble ] result:
* driver: pdftex
* paper: a4paper
* layout: <same size as paper>
* layoutoffset:(h,v)=(0.0pt,0.0pt)
* modes: 
* h-part:(L,W,R)=(72.26999pt, 452.9679pt, 72.26999pt)
* v-part:(T,H,B)=(72.26999pt, 700.50687pt, 72.26999pt)
* \paperwidth=597.50787pt
* \paperheight=845.04684pt
* \textwidth=452.9679pt
* \textheight=700.50687pt
* \oddsidemargin=0.0pt
* \evensidemargin=0.0pt
* \topmargin=-37.0pt
* \headheight=12.0pt
* \headsep=25.0pt
* \topskip=12.0pt
* \footskip=30.0pt
* \marginparwidth=35.0pt
* \marginparsep=10.0pt
* \columnsep=10.0pt
* \skip\footins=10.8pt plus 4.0pt minus 2.0pt
* \hoffset=0.0pt
* \voffset=0.0pt
* \mag=1000
* \@twocolumnfalse
* \@twosidefalse
* \@mparswitchfalse
* \@reversemarginfalse
* (1in=72.27pt=25.4mm, 1cm=28.453pt)

(/usr/share/texlive/texmf-dist/tex/context/base/mkii/supp-pdf.mkii
[Loading MPS to PDF converter (version 2006.09.02).]
\scratchcounter=\count302
\scratchdimen=\dimen193
\scratchbox=\box67
\nofMPsegments=\count303
\nofMParguments=\count304
\everyMPshowfont=\toks39
\MPscratchCnt=\count305
\MPscratchDim=\dimen194
\MPnumerator=\count306
\makeMPintoPDFobject=\count307
\everyMPtoPDFconversion=\toks40
) (/usr/share/texlive/texmf-dist/tex/latex/epstopdf-pkg/epstopdf-base.sty
Package: epstopdf-base 2020-01-24 v2.11 Base part for package epstopdf
Package epstopdf-base Info: Redefining graphics rule for `.eps' on input line 4
85.

(/usr/share/texlive/texmf-dist/tex/latex/latexconfig/epstopdf-sys.cfg
File: epstopdf-sys.cfg 2010/07/13 v1.3 Configuration of (r)epstopdf for TeX Liv
e
))
Package caption Info: Begin \AtBeginDocument code.
Package caption Info: hyperref package is loaded.
Package caption Info: End \AtBeginDocument code.
\AtBeginShipoutBox=\box68
Package hyperref Info: Link coloring OFF on input line 19.

(/usr/share/texlive/texmf-dist/tex/latex/hyperref/nameref.sty
Package: nameref 2019/09/16 v2.46 Cross-referencing by name of section

(/usr/share/texlive/texmf-dist/tex/latex/refcount/refcount.sty
Package: refcount 2019/12/15 v3.6 Data extraction from label references (HO)
)
(/usr/share/texlive/texmf-dist/tex/generic/gettitlestring/gettitlestring.sty
Package: gettitlestring 2019/12/15 v1.6 Cleanup title references (HO)
)
\c@section@level=\count308
)
LaTeX Info: Redefining \ref on input line 19.
LaTeX Info: Redefining \pageref on input line 19.
LaTeX Info: Redefining \nameref on input line 19.

(./head-master.out) (./head-master.out)
\@outlinefile=\write5
\openout5 = `head-master.out'.


(/usr/share/texlive/texmf-dist/tex/latex/arabtex/apatch.sty
\a@lines=\count309
\a@Lwidth=\dimen195
\a@displaywidth=\dimen196

(/usr/share/texlive/texmf-dist/tex/latex/arabtex/alocal.sty
(ArabTeX) 3.11 local stub, 26.02.2006)
(ArabTeX) version 3.11s (02.07.2006): second phase of patching)
(ArabTeX) input encoding set to UTF-8 conventions (./cover-page/cover-page.tex
<./cover-page/esi-logo.png, id=221, 451.6875pt x 79.04532pt>
File: ./cover-page/esi-logo.png Graphic file (type png)
<use ./cover-page/esi-logo.png>
Package pdftex.def Info: ./cover-page/esi-logo.png  used on input line 5.
(pdftex.def)             Requested size: 451.68639pt x 79.0451pt.

[1

{/var/lib/texmf/fonts/map/pdftex/updmap/pdftex.map} <./cover-page/esi-logo.png>
])pdfTeX warning (ext4): destination with the same identifier (name{page.1}) ha
s been already used, duplicate ignored
<to be read again> 
                   \relax 
l.25 \newpage
              [1] (./head-master.toc
LaTeX Font Info:    External font `cmex10' loaded for size
(Font)              <12> on input line 2.
LaTeX Font Info:    External font `cmex10' loaded for size
(Font)              <8> on input line 2.
LaTeX Font Info:    External font `cmex10' loaded for size
(Font)              <6> on input line 2.
 [2

]
Overfull \hbox (16.5662pt too wide) in paragraph at lines 44--44
 [][] [][]\OT1/cmr/m/n/12 Finding re-duced Ra-man spec-troscopy fin-ger-print o
f skin sam-ples for melanoma 
 []

)
\tf@toc=\write6
\openout6 = `head-master.toc'.

 [3] (./head-master.lof)
\tf@lof=\write7
\openout7 = `head-master.lof'.

 [4

] (./head-master.lot
Overfull \hbox (28.51987pt too wide) in paragraph at lines 5--5
 [][] [][]\OT1/cmr/m/n/12 A com-par-a-tive ta-ble of lat-est meth-ods used in s
kin le-sion de-tec-tion. DCNN(Deep 
 []

)
\tf@lot=\write8
\openout8 = `head-master.lot'.

 [5

] (./abstract-master/abstract.tex
LaTeX Font Info:    Trying to load font information for U+xnsh on input line 7.


(/usr/share/texlive/texmf-dist/tex/latex/arabtex/Uxnsh.fd
File: uxnsh.fd  1999/10/19 v3.10 ArabTeX Naskh extd. font definitions
)
LaTeX Font Info:    Font shape `U/xnsh/m/n' will be
(Font)              scaled to size 17.28003pt on input line 7.
 [6]) [7]
(./general-intoduction-master/general-intoduction.tex) [8]
Chapter 1.
(./chapter-01-general-medical-information/skin.tex
<./chapter-01-general-medical-information/skin-anatomy.jpg, id=425, 803.0pt x 6
02.25pt>
File: ./chapter-01-general-medical-information/skin-anatomy.jpg Graphic file (t
ype jpg)
<use ./chapter-01-general-medical-information/skin-anatomy.jpg>
Package pdftex.def Info: ./chapter-01-general-medical-information/skin-anatomy.
jpg  used on input line 15.
(pdftex.def)             Requested size: 426.79134pt x 320.10074pt.
<./chapter-01-general-medical-information/hair-sweat-gland.jpg, id=429, 1927.2p
t x 1060.96375pt>
File: ./chapter-01-general-medical-information/hair-sweat-gland.jpg Graphic fil
e (type jpg)
<use ./chapter-01-general-medical-information/hair-sweat-gland.jpg>
Package pdftex.def Info: ./chapter-01-general-medical-information/hair-sweat-gl
and.jpg  used on input line 31.
(pdftex.def)             Requested size: 426.79134pt x 234.9507pt.
 [9

] [10 <./chapter-01-general-medical-information/skin-anatomy.jpg> <./chapter-01
-general-medical-information/hair-sweat-gland.jpg>]
<./chapter-01-general-medical-information/protective-barrier.jpg, id=451, 963.6
pt x 542.025pt>
File: ./chapter-01-general-medical-information/protective-barrier.jpg Graphic f
ile (type jpg)
<use ./chapter-01-general-medical-information/protective-barrier.jpg>
Package pdftex.def Info: ./chapter-01-general-medical-information/protective-ba
rrier.jpg  used on input line 64.
(pdftex.def)             Requested size: 426.79134pt x 240.06314pt.
<./chapter-01-general-medical-information/vitaminD.jpg, id=454, 99.0099pt x 66.
05478pt>
File: ./chapter-01-general-medical-information/vitaminD.jpg Graphic file (type 
jpg)
<use ./chapter-01-general-medical-information/vitaminD.jpg>
Package pdftex.def Info: ./chapter-01-general-medical-information/vitaminD.jpg 
 used on input line 72.
(pdftex.def)             Requested size: 284.52756pt x 189.84145pt.
) (./chapter-01-general-medical-information/cancer.tex
<./chapter-01-general-medical-information/mutation.png, id=467, 1204.5pt x 644.
4075pt>
File: ./chapter-01-general-medical-information/mutation.png Graphic file (type 
png)
<use ./chapter-01-general-medical-information/mutation.png>
Package pdftex.def Info: ./chapter-01-general-medical-information/mutation.png 
 used on input line 31.
(pdftex.def)             Requested size: 426.79134pt x 228.33853pt.
<./chapter-01-general-medical-information/dna-rearrangement.png, id=470, 450.93
47pt x 315.42844pt>
File: ./chapter-01-general-medical-information/dna-rearrangement.png Graphic fi
le (type png)
<use ./chapter-01-general-medical-information/dna-rearrangement.png>
Package pdftex.def Info: ./chapter-01-general-medical-information/dna-rearrange
ment.png  used on input line 39.
(pdftex.def)             Requested size: 426.79134pt x 298.55794pt.
[11] [12 <./chapter-01-general-medical-information/protective-barrier.jpg> <./c
hapter-01-general-medical-information/vitaminD.jpg>]
<./chapter-01-general-medical-information/benign-malignant.png, id=489, 276.031
25pt x 183.68625pt>
File: ./chapter-01-general-medical-information/benign-malignant.png Graphic fil
e (type png)
<use ./chapter-01-general-medical-information/benign-malignant.png>
Package pdftex.def Info: ./chapter-01-general-medical-information/benign-malign
ant.png  used on input line 54.
(pdftex.def)             Requested size: 426.79134pt x 284.04083pt.
 [13 <./chapter-01-general-medical-information/mutation.png>] [14 <./chapter-01
-general-medical-information/dna-rearrangement.png> <./chapter-01-general-medic
al-information/benign-malignant.png>]) (./chapter-01-general-medical-informatio
n/skin-cancer.tex
<./chapter-01-general-medical-information/Melanoma.jpg, id=516, 271.0125pt x 18
8.57953pt>
File: ./chapter-01-general-medical-information/Melanoma.jpg Graphic file (type 
jpg)
<use ./chapter-01-general-medical-information/Melanoma.jpg>
Package pdftex.def Info: ./chapter-01-general-medical-information/Melanoma.jpg 
 used on input line 38.
(pdftex.def)             Requested size: 135.5059pt x 94.28954pt.
<./chapter-01-general-medical-information/Squamous.png, id=519, 388.45125pt x 3
53.32pt>
File: ./chapter-01-general-medical-information/Squamous.png Graphic file (type 
png)
<use ./chapter-01-general-medical-information/Squamous.png>
Package pdftex.def Info: ./chapter-01-general-medical-information/Squamous.png 
 used on input line 44.
(pdftex.def)             Requested size: 116.53627pt x 105.99681pt.
<./chapter-01-general-medical-information/basal.jpeg, id=522, 260.975pt x 194.7
275pt>
File: ./chapter-01-general-medical-information/basal.jpeg Graphic file (type jp
g)
<use ./chapter-01-general-medical-information/basal.jpeg>
Package pdftex.def Info: ./chapter-01-general-medical-information/basal.jpeg  u
sed on input line 50.
(pdftex.def)             Requested size: 130.48718pt x 97.3635pt.


LaTeX Warning: `h' float specifier changed to `ht'.

[15] [16 <./chapter-01-general-medical-information/Melanoma.jpg> <./chapter-01-
general-medical-information/Squamous.png> <./chapter-01-general-medical-informa
tion/basal.jpeg>]
Overfull \hbox (7.18341pt too wide) in paragraph at lines 97--98
[]\OT1/cmr/m/n/12 some harm-ful/unharmful sub-stances can in-crease your
 []

[17]) [18]
Chapter 2.
(./chapter-02-general-ai-information/ai.tex [19

] [20] [21]
Overfull \hbox (5.4355pt too wide) in paragraph at lines 85--86
[]\OT1/cmr/m/n/12 one-shot learn-
 []

[22]
<./chapter-02-general-ai-information/versus.jpg, id=605, 869.4081pt x 857.8449p
t>
File: ./chapter-02-general-ai-information/versus.jpg Graphic file (type jpg)
<use ./chapter-02-general-ai-information/versus.jpg>
Package pdftex.def Info: ./chapter-02-general-ai-information/versus.jpg  used o
n input line 98.
(pdftex.def)             Requested size: 284.52756pt x 280.74664pt.
 [23 <./chapter-02-general-ai-information/versus.jpg>]
<./chapter-02-general-ai-information/machine-learning-cv.png, id=614, 1606.0pt 
x 688.5725pt>
File: ./chapter-02-general-ai-information/machine-learning-cv.png Graphic file 
(type png)
<use ./chapter-02-general-ai-information/machine-learning-cv.png>
Package pdftex.def Info: ./chapter-02-general-ai-information/machine-learning-c
v.png  used on input line 117.
(pdftex.def)             Requested size: 341.43306pt x 146.39063pt.
 [24 <./chapter-02-general-ai-information/machine-learning-cv.png>]
<./chapter-02-general-ai-information/cnn.png, id=627, 1606.0pt x 620.3175pt>
File: ./chapter-02-general-ai-information/cnn.png Graphic file (type png)
<use ./chapter-02-general-ai-information/cnn.png>
Package pdftex.def Info: ./chapter-02-general-ai-information/cnn.png  used on i
nput line 136.
(pdftex.def)             Requested size: 426.79134pt x 164.84715pt.
 [25 <./chapter-02-general-ai-information/cnn.png>]) [26]
Chapter 3.
(./chapter-03-state-of-the-art/state_of_the_art.tex [27

]
<./chapter-03-state-of-the-art/preprocessing.png, id=650, 1666.225pt x 494.8487
5pt>
File: ./chapter-03-state-of-the-art/preprocessing.png Graphic file (type png)
<use ./chapter-03-state-of-the-art/preprocessing.png>
Package pdftex.def Info: ./chapter-03-state-of-the-art/preprocessing.png  used 
on input line 28.
(pdftex.def)             Requested size: 426.79134pt x 126.74728pt.
<./chapter-03-state-of-the-art/segmentation.png, id=651, 1667.22874pt x 467.747
5pt>
File: ./chapter-03-state-of-the-art/segmentation.png Graphic file (type png)
<use ./chapter-03-state-of-the-art/segmentation.png>
Package pdftex.def Info: ./chapter-03-state-of-the-art/segmentation.png  used o
n input line 39.
(pdftex.def)             Requested size: 426.79134pt x 119.73438pt.
<./chapter-03-state-of-the-art/confusion-matrix.png, id=652, 658.46pt x 531.987
5pt>
File: ./chapter-03-state-of-the-art/confusion-matrix.png Graphic file (type png
)
<use ./chapter-03-state-of-the-art/confusion-matrix.png>
Package pdftex.def Info: ./chapter-03-state-of-the-art/confusion-matrix.png  us
ed on input line 48.
(pdftex.def)             Requested size: 426.79134pt x 344.82181pt.

Underfull \hbox (badness 10000) in paragraph at lines 61--62

 []

[28 <./chapter-03-state-of-the-art/preprocessing.png> <./chapter-03-state-of-th
e-art/segmentation.png>] [29 <./chapter-03-state-of-the-art/confusion-matrix.pn
g>]
<./chapter-03-state-of-the-art/ROC.png, id=670, 1037.8775pt x 737.75626pt>
File: ./chapter-03-state-of-the-art/ROC.png Graphic file (type png)
<use ./chapter-03-state-of-the-art/ROC.png>
Package pdftex.def Info: ./chapter-03-state-of-the-art/ROC.png  used on input l
ine 78.
(pdftex.def)             Requested size: 284.52756pt x 202.24756pt.
 [30 <./chapter-03-state-of-the-art/ROC.png>]
<./chapter-03-state-of-the-art/dls.png, id=682, 2137.9875pt x 1303.87125pt>
File: ./chapter-03-state-of-the-art/dls.png Graphic file (type png)
<use ./chapter-03-state-of-the-art/dls.png>
Package pdftex.def Info: ./chapter-03-state-of-the-art/dls.png  used on input l
ine 105.
(pdftex.def)             Requested size: 341.43306pt x 208.22575pt.
 [31 <./chapter-03-state-of-the-art/dls.png>]
<./chapter-03-state-of-the-art/clinical-image.png, id=691, 1652.1725pt x 523.95
75pt>
File: ./chapter-03-state-of-the-art/clinical-image.png Graphic file (type png)
<use ./chapter-03-state-of-the-art/clinical-image.png>
Package pdftex.def Info: ./chapter-03-state-of-the-art/clinical-image.png  used
 on input line 152.
(pdftex.def)             Requested size: 426.79134pt x 135.34628pt.
 [32] [33 <./chapter-03-state-of-the-art/clinical-image.png>]
<./chapter-03-state-of-the-art/ann.png, id=705, 429.605pt x 500.87125pt>
File: ./chapter-03-state-of-the-art/ann.png Graphic file (type png)
<use ./chapter-03-state-of-the-art/ann.png>
Package pdftex.def Info: ./chapter-03-state-of-the-art/ann.png  used on input l
ine 195.
(pdftex.def)             Requested size: 284.52756pt x 331.73007pt.
<./chapter-03-state-of-the-art/evaluation.png, id=706, 504.88625pt x 300.12125p
t>
File: ./chapter-03-state-of-the-art/evaluation.png Graphic file (type png)
<use ./chapter-03-state-of-the-art/evaluation.png>
Package pdftex.def Info: ./chapter-03-state-of-the-art/evaluation.png  used on 
input line 203.
(pdftex.def)             Requested size: 284.52756pt x 169.13376pt.

Overfull \hbox (41.01186pt too wide) in paragraph at lines 218--218
\OT1/cmr/bx/n/17.28 class seg-men-ta-tion and clas-si-fi-ca-tion of non-melanom
a
 []

[34 <./chapter-03-state-of-the-art/ann.png>] [35 <./chapter-03-state-of-the-art
/evaluation.png>]
Underfull \hbox (badness 10000) in paragraph at lines 236--237

 []


Underfull \hbox (badness 10000) in paragraph at lines 258--259

 []

[36]
<./chapter-03-state-of-the-art/seg-input.png, id=739, 294.09875pt x 339.2675pt>

File: ./chapter-03-state-of-the-art/seg-input.png Graphic file (type png)
<use ./chapter-03-state-of-the-art/seg-input.png>
Package pdftex.def Info: ./chapter-03-state-of-the-art/seg-input.png  used on i
nput line 282.
(pdftex.def)             Requested size: 147.04901pt x 169.63333pt.

Overfull \hbox (11.15727pt too wide) in paragraph at lines 282--283
 [][] 
 []

<./chapter-03-state-of-the-art/seg-output.png, id=740, 307.1475pt x 330.23375pt
>
File: ./chapter-03-state-of-the-art/seg-output.png Graphic file (type png)
<use ./chapter-03-state-of-the-art/seg-output.png>
Package pdftex.def Info: ./chapter-03-state-of-the-art/seg-output.png  used on 
input line 288.
(pdftex.def)             Requested size: 153.57336pt x 165.11646pt.

Overfull \hbox (17.68163pt too wide) in paragraph at lines 288--289
 [][] 
 []


Underfull \hbox (badness 10000) in paragraph at lines 317--317
[]\OT1/cmr/m/n/12 PH2/ISBI
 []


Underfull \hbox (badness 2119) in paragraph at lines 319--319
[]\OT1/cmr/m/n/12 GLCM fea-tures
 []


Underfull \hbox (badness 10000) in paragraph at lines 321--321
[]\OT1/cmr/m/n/12 Skin Can-cer
 []


Underfull \hbox (badness 10000) in paragraph at lines 321--321
\OT1/cmr/m/n/12 and Be-nign
 []


Underfull \hbox (badness 10000) in paragraph at lines 321--321
\OT1/cmr/m/n/12 Tu-mor Im-age
 []


Underfull \hbox (badness 10000) in paragraph at lines 321--322
[]\OT1/cmr/m/n/12 91.7% (Ac-cu-racy) 94.1%(sen-
 []


Underfull \hbox (badness 10000) in paragraph at lines 321--322
\OT1/cmr/m/n/12 si-tiv-ity) 88.7%(speci-ficity)
 []


Underfull \hbox (badness 10000) in paragraph at lines 323--323
[]\OT1/cmr/m/n/12 ABCD feat-ues
 []


Underfull \hbox (badness 1024) in paragraph at lines 329--329
[]\OT1/cmr/m/n/12 Large col-lec-tion
 []


Underfull \hbox (badness 2495) in paragraph at lines 329--329
\OT1/cmr/m/n/12 of Multi-Source
 []


Underfull \hbox (badness 10000) in paragraph at lines 329--329
\OT1/cmr/m/n/12 Der-mato-scopic
 []


Underfull \hbox (badness 10000) in paragraph at lines 365--365
[]|\OT1/cmr/m/n/10.95 ResNet/ Hal-lym
 []


Underfull \hbox (badness 10000) in paragraph at lines 365--365
\OT1/cmr/m/n/10.95 dataset 19,398 in-
 []


Underfull \hbox (badness 1248) in paragraph at lines 365--365
[]|\OT1/cmr/m/n/10.95 For Basal Cell Car-ci-
 []


Underfull \hbox (badness 2237) in paragraph at lines 365--365
\OT1/cmr/m/n/10.95 the in-stances of cau-
 []


Underfull \hbox (badness 2253) in paragraph at lines 365--365
\OT1/cmr/m/n/10.95 96% for the in-stance
 []


Underfull \hbox (badness 6032) in paragraph at lines 367--367
[]|\OT1/cmr/m/n/10.95 Whale al-go-rithm ap-
 []


Underfull \hbox (badness 1681) in paragraph at lines 367--367
\OT1/cmr/m/n/10.95 plied to op-ti-mize the
 []


Underfull \hbox (badness 3189) in paragraph at lines 367--367
\OT1/cmr/m/n/10.95 CNN model/ Around
 []


Underfull \hbox (badness 10000) in paragraph at lines 367--367
\OT1/cmr/m/n/10.95 mquest and Der-mIS
 []


Underfull \hbox (badness 1009) in paragraph at lines 367--367
\OT1/cmr/m/n/10.95 Sensitivity-97%/ PPV-
 []


Underfull \hbox (badness 10000) in paragraph at lines 367--368
[]|\OT1/cmr/m/n/10.95 Results are un-sat-is-fac-tory for
 []


Underfull \hbox (badness 5802) in paragraph at lines 369--369
[]|\OT1/cmr/m/n/10.95 ResNet/ Clin-i-cal im-
 []


Underfull \hbox (badness 2781) in paragraph at lines 371--371
[]|\OT1/cmr/m/n/10.95 ResNet/ 1279 der-mo-
 []


Underfull \hbox (badness 10000) in paragraph at lines 371--371
\OT1/cmr/m/n/10.95 scopic in-stances are
 []


Underfull \hbox (badness 10000) in paragraph at lines 371--371
[]|\OT1/cmr/m/n/10.95 Achieved 89.2% for
 []


Underfull \hbox (badness 10000) in paragraph at lines 371--371
\OT1/cmr/m/n/10.95 ResNet with-out der-
 []


Underfull \hbox (badness 1701) in paragraph at lines 371--371
\OT1/cmr/m/n/10.95 ma-tol-o-gist/ 94.3% for
 []


Underfull \hbox (badness 10000) in paragraph at lines 373--373
[]|\OT1/cmr/m/n/10.95 ResNet/ HAM10000
 []


Underfull \hbox (badness 1194) in paragraph at lines 373--373
\OT1/cmr/m/n/10.95 dataset, ISIC archive-
 []


Underfull \hbox (badness 10000) in paragraph at lines 373--373
\OT1/cmr/m/n/10.95 11,444 der-mato-scopic
 []


Underfull \hbox (badness 10000) in paragraph at lines 373--373
[]|\OT1/cmr/m/n/10.95 Mean ac-cu-racy of/
 []


Underfull \hbox (badness 10000) in paragraph at lines 375--375
[]|\OT1/cmr/m/n/10.95 ResNet/ Dermnet
 []


Underfull \hbox (badness 4024) in paragraph at lines 375--376
\OT1/cmr/m/n/10.95 like/ Acne , Rosacea, He-man-
 []


Underfull \hbox (badness 10000) in paragraph at lines 377--377
[]|\OT1/cmr/m/n/10.95 Dragonfly op-ti-mized
 []


Underfull \hbox (badness 10000) in paragraph at lines 377--377
\OT1/cmr/m/n/10.95 DNN model is as-
 []


Underfull \hbox (badness 10000) in paragraph at lines 377--377
\OT1/cmr/m/n/10.95 sessed us-ing ex-ist-ing
 []


Underfull \hbox (badness 10000) in paragraph at lines 377--377
\OT1/cmr/m/n/10.95 tech-niques such as
 []


Underfull \hbox (badness 10000) in paragraph at lines 377--377
\OT1/cmr/m/n/10.95 Sup-port Vec-tor Ma-
 []


Underfull \hbox (badness 3895) in paragraph at lines 377--377
\OT1/cmr/m/n/10.95 chine, ANN, and to
 []


Underfull \hbox (badness 5985) in paragraph at lines 377--377
\OT1/cmr/m/n/10.95 dis-play the ef-fi-ciency
 []


Underfull \hbox (badness 1406) in paragraph at lines 377--377
\OT1/cmr/m/n/10.95 of the sys-tem di-verse
 []


Underfull \hbox (badness 10000) in paragraph at lines 377--377
\OT1/cmr/m/n/10.95 eval-u-a-tion cri-te-ria's
 []


Underfull \hbox (badness 10000) in paragraph at lines 377--377
\OT1/cmr/m/n/10.95 and speci-ficity are
 []


Underfull \hbox (badness 10000) in paragraph at lines 377--377
[]|\OT1/cmr/m/n/10.95 Achieved/ Sen-si-tiv-ity
 []


Underfull \hbox (badness 10000) in paragraph at lines 377--377
\OT1/cmr/m/n/10.95 { 84%/ Specificity-
 []


Underfull \hbox (badness 10000) in paragraph at lines 377--377
\OT1/cmr/m/n/10.95 99.5%/ Ac-cu-racy {
 []


Underfull \hbox (badness 3884) in paragraph at lines 379--379
[]|\OT1/cmr/m/n/10.95 CNN model used to
 []


Underfull \hbox (badness 7613) in paragraph at lines 379--379
\OT1/cmr/m/n/10.95 Cat-e-go-rized the skin
 []


Underfull \hbox (badness 4792) in paragraph at lines 379--379
\OT1/cmr/m/n/10.95 nevi, basal cell car-
 []


Underfull \hbox (badness 10000) in paragraph at lines 379--379
\OT1/cmr/m/n/10.95 ci-noma/ 11,444 der-
 []


Underfull \hbox (badness 10000) in paragraph at lines 379--379
\OT1/cmr/m/n/10.95 mo-scopic im-ages
 []


Underfull \hbox (badness 10000) in paragraph at lines 379--379
\OT1/cmr/m/n/10.95 HAM10000 dataset,
 []


Underfull \hbox (badness 1275) in paragraph at lines 379--379
\OT1/cmr/m/n/10.95 tained by the der-ma-
 []


Underfull \hbox (badness 4341) in paragraph at lines 379--379
\OT1/cmr/m/n/10.95 CNN model achieved
 []


Underfull \hbox (badness 4242) in paragraph at lines 379--379
\OT1/cmr/m/n/10.95 98.8%. of sen-si-tiv-
 []


Underfull \hbox (badness 1127) in paragraph at lines 379--380
\OT1/cmr/m/n/10.95 im-ages CNN model di-ag-nosed it
 []


Underfull \hbox (badness 1546) in paragraph at lines 379--380
\OT1/cmr/m/n/10.95 ag-nosed it as melanoma/ model
 []


Underfull \hbox (badness 10000) in paragraph at lines 381--381
[]|\OT1/cmr/m/n/10.95 GoogleNet CNN
 []


Underfull \hbox (badness 10000) in paragraph at lines 381--381
\OT1/cmr/m/n/10.95 model/ 4800 clin-i-
 []


Underfull \hbox (badness 10000) in paragraph at lines 381--381
[]|\OT1/cmr/m/n/10.95 Achieved/ Sen-si-tiv-ity
 []


Underfull \hbox (badness 10000) in paragraph at lines 383--383
[]|\OT1/cmr/m/n/10.95 DenseNet, ResNet
 []


Underfull \hbox (badness 10000) in paragraph at lines 383--383
\OT1/cmr/m/n/10.95 with Der-ma-tol-o-gist/
 []


Underfull \hbox (badness 10000) in paragraph at lines 383--383
\OT1/cmr/m/n/10.95 10,135 der-moscopy
 []


Underfull \hbox (badness 1264) in paragraph at lines 383--383
\OT1/cmr/m/n/10.95 im-ages of HAM10000:
 []


Underfull \hbox (badness 10000) in paragraph at lines 383--383
[]|\OT1/cmr/m/n/10.95 For Melanoma and
 []


Underfull \hbox (badness 10000) in paragraph at lines 383--383
\OT1/cmr/m/n/10.95 for ResNet, 99.30%
 []


Underfull \hbox (badness 1902) in paragraph at lines 383--383
\OT1/cmr/m/n/10.95 for DenseNet whereas
 []


Underfull \hbox (badness 10000) in paragraph at lines 383--384
[]|\OT1/cmr/m/n/10.95 Model bi-ased for the di-verse
 []


Underfull \vbox (badness 10000) detected at line 387
 []

[37 <./chapter-03-state-of-the-art/seg-input.png> <./chapter-03-state-of-the-ar
t/seg-output.png>] [38] [39]) [40]
Chapter 4.
[41

]
Chapter 5.
(./chapter-05-our-contribution/contribution.tex
<./chapter-05-our-contribution/3.png, id=766, 1003.75pt x 434.62375pt>
File: ./chapter-05-our-contribution/3.png Graphic file (type png)
<use ./chapter-05-our-contribution/3.png>
Package pdftex.def Info: ./chapter-05-our-contribution/3.png  used on input lin
e 22.
(pdftex.def)             Requested size: 426.79134pt x 184.80217pt.
 [42

]
<./chapter-05-our-contribution/2.png, id=781, 674.52pt x 1175.39125pt>
File: ./chapter-05-our-contribution/2.png Graphic file (type png)
<use ./chapter-05-our-contribution/2.png>
Package pdftex.def Info: ./chapter-05-our-contribution/2.png  used on input lin
e 39.
(pdftex.def)             Requested size: 341.43306pt x 594.9758pt.
<./chapter-05-our-contribution/5.png, id=784, 1189.44376pt x 508.90125pt>
File: ./chapter-05-our-contribution/5.png Graphic file (type png)
<use ./chapter-05-our-contribution/5.png>
Package pdftex.def Info: ./chapter-05-our-contribution/5.png  used on input lin
e 49.
(pdftex.def)             Requested size: 426.79134pt x 182.59862pt.
 [43 <./chapter-05-our-contribution/3.png>] [44 <./chapter-05-our-contribution/
2.png>]
<./chapter-05-our-contribution/4.png, id=799, 1003.75pt x 470.75874pt>
File: ./chapter-05-our-contribution/4.png Graphic file (type png)
<use ./chapter-05-our-contribution/4.png>
Package pdftex.def Info: ./chapter-05-our-contribution/4.png  used on input lin
e 72.
(pdftex.def)             Requested size: 426.79134pt x 200.1668pt.
 [45 <./chapter-05-our-contribution/5.png> <./chapter-05-our-contribution/4.png
>]
<./chapter-05-our-contribution/1.png, id=807, 498.86375pt x 497.86pt>
File: ./chapter-05-our-contribution/1.png Graphic file (type png)
<use ./chapter-05-our-contribution/1.png>
Package pdftex.def Info: ./chapter-05-our-contribution/1.png  used on input lin
e 89.
(pdftex.def)             Requested size: 426.79134pt x 425.9482pt.
)
(./head-master.bbl [46 <./chapter-05-our-contribution/1.png>] [47]
LaTeX Font Info:    External font `cmex10' loaded for size
(Font)              <24.88> on input line 5.
LaTeX Font Info:    External font `cmex10' loaded for size
(Font)              <20.74> on input line 5.
LaTeX Font Info:    External font `cmex10' loaded for size
(Font)              <17.28> on input line 5.

Underfull \hbox (badness 10000) in paragraph at lines 4--6
[]\OT1/cmr/m/n/24.88 Skin, cleve-land clinic.  []$\OT1/cmtt/m/n/24.88 https :
 []


Underfull \hbox (badness 10000) in paragraph at lines 4--6
\OT1/cmtt/m/n/24.88 / / my . clevelandclinic . org / health /
 []


Underfull \hbox (badness 10000) in paragraph at lines 8--11
\OT1/cmtt/m/n/24.88 / / www . vecteezy . com / vector-[]art /
 []


Overfull \hbox (44.96068pt too wide) in paragraph at lines 8--11
\OT1/cmtt/m/n/24.88 3190201-[]hair-[]and-[]human-[]skin-[]anatomy$[]\OT1/cmr/m/
n/24.88 . 
 []


Underfull \hbox (badness 4634) in paragraph at lines 13--15
[]\OT1/cmr/m/n/24.88 Skin bar-rier ba-sics for peo-ple with
 []


Underfull \hbox (badness 4673) in paragraph at lines 13--15
\OT1/cmr/m/n/24.88 eczema, na-tional eczema as-so-ci-a-tion.
 []


Underfull \hbox (badness 10000) in paragraph at lines 13--15
[]$\OT1/cmtt/m/n/24.88 https : / / nationaleczema . org /
 []


Underfull \hbox (badness 10000) in paragraph at lines 17--19
[]\OT1/cmr/m/n/24.88 Vitamin d and the skin: Fo-
 []


Underfull \hbox (badness 10000) in paragraph at lines 17--19
\OT1/cmr/m/n/24.88 cus on a com-plex re-la-tion-ship.
 []


Underfull \hbox (badness 10000) in paragraph at lines 17--19
[]$\OT1/cmtt/m/n/24.88 https : / / www . ncbi . nlm . nih . gov /
 []


Underfull \hbox (badness 5161) in paragraph at lines 21--23
[]\OT1/cmr/m/n/24.88 What is a mu-ta-tion?  []$\OT1/cmtt/m/n/24.88 https :
 []


Underfull \hbox (badness 10000) in paragraph at lines 21--23
\OT1/cmtt/m/n/24.88 / / www . yourgenome . org / facts /
 []


Underfull \hbox (badness 10000) in paragraph at lines 25--27
[]\OT1/cmr/m/n/24.88 Chromothripsis.  []$\OT1/cmtt/m/n/24.88 https :
 []


Underfull \hbox (badness 10000) in paragraph at lines 25--27
\OT1/cmtt/m/n/24.88 / / en . wikipedia . org / wiki /
 []

[48

]
Underfull \hbox (badness 10000) in paragraph at lines 29--32
[]\OT1/cmr/m/n/24.88 Differences be-tween a ma-lig-nant
 []


Underfull \hbox (badness 5288) in paragraph at lines 29--32
\OT1/cmr/m/n/24.88 and be-nign tu-mor, very-well health.
 []


Underfull \hbox (badness 10000) in paragraph at lines 29--32
[]$\OT1/cmtt/m/n/24.88 https : / / www . verywellhealth . com /
 []


Overfull \hbox (135.08057pt too wide) in paragraph at lines 29--32
\OT1/cmtt/m/n/24.88 what-[]does-[]malignant-[]and-[]benign-[]mean-[]514240$[]\O
T1/cmr/m/n/24.88 . 
 []


Underfull \hbox (badness 10000) in paragraph at lines 40--44
[]\OT1/cmr/m/n/24.88 Vihar Ku-rama.  Ml-based
 []


Underfull \hbox (badness 10000) in paragraph at lines 40--44
\OT1/cmr/m/n/24.88 im-age pro-cess-ing, nanonets.
 []


Underfull \hbox (badness 10000) in paragraph at lines 40--44
[]$\OT1/cmtt/m/n/24.88 https : / / nanonets . com / blog /
 []


Overfull \hbox (31.15784pt too wide) in paragraph at lines 40--44
\OT1/cmtt/m/n/24.88 machine-[]learning-[]image-[]processing/$[]\OT1/cmr/m/n/24.
88 ,
 []


Underfull \hbox (badness 6725) in paragraph at lines 46--51
[]\OT1/cmr/m/n/24.88 JULIANA NE-GRINI DE ARAUJO.
 []


Underfull \hbox (badness 10000) in paragraph at lines 46--51
\OT1/cmr/m/n/24.88 Ham10000: Anal-y-sis and model
 []


Underfull \hbox (badness 10000) in paragraph at lines 46--51
\OT1/cmr/m/n/24.88 com-par-i-son.  []$\OT1/cmtt/m/n/24.88 https : / / www .
 []


Underfull \hbox (badness 10000) in paragraph at lines 46--51
\OT1/cmtt/m/n/24.88 kaggle . com / code / jnegrini /
 []


Overfull \hbox (89.46092pt too wide) in paragraph at lines 46--51
\OT1/cmtt/m/n/24.88 ham10000-[]analysis-[]and-[]model-[]comparison /
 []


Underfull \hbox (badness 10000) in paragraph at lines 53--55
[]\OT1/cmr/m/n/24.88 Cancer, world health or-ga-ni-za-tion.
 []


Underfull \hbox (badness 10000) in paragraph at lines 53--55
[]$\OT1/cmtt/m/n/24.88 https : / / www . who . int / news-[]room /
 []

[49] [50]
Underfull \hbox (badness 1603) in paragraph at lines 79--82
[]\OT1/cmr/m/n/24.88 What is can-cer?, na-tional can-cer in-
 []


Underfull \hbox (badness 3312) in paragraph at lines 79--82
\OT1/cmr/m/n/24.88 sti-tute.  []$\OT1/cmtt/m/n/24.88 https : / / www . cancer .
 gov /
 []


Underfull \hbox (badness 10000) in paragraph at lines 79--82
\OT1/cmtt/m/n/24.88 about-[]cancer / understanding /
 []


Underfull \hbox (badness 1584) in paragraph at lines 84--89
[]\OT1/cmr/m/n/24.88 Mahsa Ali-doust Sa-harkhiz Lahiji and
 []


Underfull \hbox (badness 3333) in paragraph at lines 91--96
[]\OT1/cmr/m/n/24.88 Rachita Pandya, Kait-lyn Grace San
 []


Underfull \hbox (badness 1314) in paragraph at lines 98--100
[]\OT1/cmr/m/n/24.88 Skin can-cer 101, skin can-cer foun-da-
 []


Underfull \hbox (badness 10000) in paragraph at lines 102--104
[]\OT1/cmr/m/n/24.88 Skin can-cer (non-melanoma), nhs.
 []


Underfull \hbox (badness 10000) in paragraph at lines 102--104
[]$\OT1/cmtt/m/n/24.88 https : / / www . nhs . uk / conditions /
 []

[51]
Underfull \hbox (badness 10000) in paragraph at lines 106--111
\OT1/cmtt/m/n/24.88 diseases-[]conditions / skin-[]cancer /
 []


Underfull \hbox (badness 10000) in paragraph at lines 106--111
\OT1/cmtt/m/n/24.88 symptoms-[]causes / syc-[]20377605$[]\OT1/cmr/m/n/24.88 ,
 []


Underfull \hbox (badness 10000) in paragraph at lines 113--115
[]\OT1/cmr/m/n/24.88 Cancer, wiki-pidia.  []$\OT1/cmtt/m/n/24.88 https :
 []


Underfull \hbox (badness 10000) in paragraph at lines 113--115
\OT1/cmtt/m/n/24.88 / / fr . wikipedia . org / wiki / M % C3 %
 []


Underfull \hbox (badness 10000) in paragraph at lines 117--120
\OT1/cmtt/m/n/24.88 com / patient-[]education /
 []


Underfull \hbox (badness 10000) in paragraph at lines 122--127
\OT1/cmtt/m/n/24.88 europeanpharmaceuticalreview .
 []


Underfull \hbox (badness 10000) in paragraph at lines 122--127
\OT1/cmtt/m/n/24.88 com / news / 142524 /
 []


Overfull \hbox (585.18001pt too wide) in paragraph at lines 122--127
\OT1/cmtt/m/n/24.88 libtayo-[]first-[]immunotherapy-[]for-[]advanced-[]basal-[]
cell-[]carcinoma-[]approved-[]in-[]us/$[]\OT1/cmr/m/n/24.88 ,
 []


Underfull \hbox (badness 3635) in paragraph at lines 129--131
\OT1/cmr/m/n/24.88 da-tion.  []$\OT1/cmtt/m/n/24.88 https : / / www . skincance
r .
 []

[52]
Underfull \hbox (badness 10000) in paragraph at lines 133--138
[]\OT1/cmr/m/n/24.88 By Mayo Clinic Staff.  Skin
 []


Underfull \hbox (badness 10000) in paragraph at lines 133--138
\OT1/cmr/m/n/24.88 can-cer di-ag-no-sis, mayo clinic.
 []


Underfull \hbox (badness 10000) in paragraph at lines 133--138
[]$\OT1/cmtt/m/n/24.88 https : / / www . mayoclinic .
 []


Underfull \hbox (badness 10000) in paragraph at lines 133--138
\OT1/cmtt/m/n/24.88 org / diseases-[]conditions /
 []


Underfull \hbox (badness 10000) in paragraph at lines 133--138
\OT1/cmtt/m/n/24.88 skin-[]cancer / diagnosis-[]treatment /
 []


Underfull \hbox (badness 10000) in paragraph at lines 140--142
[]\OT1/cmr/m/n/24.88 Artificial in-tel-li-gence, built
 []


Underfull \hbox (badness 10000) in paragraph at lines 140--142
\OT1/cmr/m/n/24.88 in.  []$\OT1/cmtt/m/n/24.88 https : / / builtin . com /
 []


Underfull \hbox (badness 10000) in paragraph at lines 144--147
[]\OT1/cmr/m/n/24.88 JAKE FRANKEN-FIELD.  Tur-
 []


Underfull \hbox (badness 10000) in paragraph at lines 144--147
\OT1/cmr/m/n/24.88 ing test, in-vesto-pe-dia.  []$\OT1/cmtt/m/n/24.88 https :
 []


Underfull \hbox (badness 10000) in paragraph at lines 144--147
\OT1/cmtt/m/n/24.88 / / www . investopedia . com / terms /
 []


Underfull \hbox (badness 10000) in paragraph at lines 153--155
[]\OT1/cmr/m/n/24.88 Deep learn-ing: An in-depth look
 []


Underfull \hbox (badness 10000) in paragraph at lines 153--155
\OT1/cmr/m/n/24.88 into the ai-based tech, built
 []


Underfull \hbox (badness 10000) in paragraph at lines 153--155
\OT1/cmr/m/n/24.88 in.  []$\OT1/cmtt/m/n/24.88 https : / / builtin . com /
 []


Underfull \hbox (badness 10000) in paragraph at lines 153--155
\OT1/cmtt/m/n/24.88 artificial-[]intelligence /
 []

[53]
Underfull \hbox (badness 10000) in paragraph at lines 157--159
[]\OT1/cmr/m/n/24.88 What is com-puter vi-sion?, ibm.
 []


Underfull \hbox (badness 10000) in paragraph at lines 157--159
[]$\OT1/cmtt/m/n/24.88 https : / / www . ibm . com / topics /
 []


Overfull \hbox (18.355pt too wide) in paragraph at lines 161--164
\OT1/cmtt/m/n/24.88 machine-[]learning-[]computer-[]vision/$[]\OT1/cmr/m/n/24.8
8 ,
 []


Underfull \hbox (badness 5316) in paragraph at lines 172--178
\OT1/cmr/m/n/24.88 Marie Noelle Gi-raud, Le-an-dro Jos^^Se
 []

[54]
Underfull \hbox (badness 10000) in paragraph at lines 180--182
[]\OT1/cmr/m/n/24.88 What is ra-man spec-troscopy?,
 []


Underfull \hbox (badness 10000) in paragraph at lines 180--182
\OT1/cmr/m/n/24.88 ed-in-burgh in-stru-ments ltd.
 []


Underfull \hbox (badness 10000) in paragraph at lines 180--182
[]$\OT1/cmtt/m/n/24.88 https : / / www . edinst . com / blog /
 []


Underfull \hbox (badness 4686) in paragraph at lines 184--188
[]\OT1/cmr/m/n/24.88 Mohammad Ali Kadampur and Su-
 []


Underfull \hbox (badness 2088) in paragraph at lines 190--194
[]\OT1/cmr/m/n/24.88 Andre G.C. Pacheco and Re-nato A.
 []

[55]
Underfull \hbox (badness 4569) in paragraph at lines 208--214
[]\OT1/cmr/m/n/24.88 Hennie de Harder.  Model-agnostic
 []


Underfull \hbox (badness 1231) in paragraph at lines 208--214
\OT1/cmr/m/n/24.88 meth-ods for in-ter-pret-ing any ma-chine
 []


Underfull \hbox (badness 10000) in paragraph at lines 208--214
\OT1/cmr/m/n/24.88 learn-ing model, to-wards-data-science.
 []


Underfull \hbox (badness 10000) in paragraph at lines 208--214
[]$\OT1/cmtt/m/n/24.88 https : / / towardsdatascience . com /
 []


Overfull \hbox (610.28569pt too wide) in paragraph at lines 208--214
\OT1/cmtt/m/n/24.88 model-[]agnostic-[]methods-[]for-[]interpreting-[]any-[]mac
hine-[]learning-[]model-[]4f10787ef504$[]\OT1/cmr/m/n/24.88 ,
 []


Underfull \hbox (badness 10000) in paragraph at lines 216--221
\OT1/cmtt/m/n/24.88 diseases-[]conditions / melanoma /
 []


Underfull \hbox (badness 10000) in paragraph at lines 216--221
\OT1/cmtt/m/n/24.88 symptoms-[]causes / syc-[]20374884$[]\OT1/cmr/m/n/24.88 ,
 []


Underfull \hbox (badness 3635) in paragraph at lines 223--226
\OT1/cmr/m/n/24.88 da-tion.  []$\OT1/cmtt/m/n/24.88 https : / / www . skincance
r .
 []


Underfull \hbox (badness 10000) in paragraph at lines 223--226
\OT1/cmtt/m/n/24.88 org / skin-[]cancer-[]information /
 []


Underfull \hbox (badness 10000) in paragraph at lines 228--232
[]\OT1/cmr/m/n/24.88 Yamashita Rikiya, Mizuho Nishio,
 []

[56])
Package atveryend Info: Empty hook `BeforeClearDocument' on input line 60.
 [57]
Package atveryend Info: Empty hook `AfterLastShipout' on input line 60.
 (./head-master.aux)
Package atveryend Info: Executing hook `AtVeryEndDocument' on input line 60.


 *File List*
  report.cls    2019/12/20 v1.4l Standard LaTeX document class
  size12.clo    2019/12/20 v1.4l Standard LaTeX file (size option)
geometry.sty    2020/01/02 v5.9 Page Geometry
  keyval.sty    2014/10/28 v1.15 key=value parser (DPC)
  ifvtex.sty    2019/10/25 v1.7 ifvtex legacy package. Use iftex instead.
   iftex.sty    2019/11/07 v1.0c TeX engine tests
graphicx.sty    2019/11/30 v1.2a Enhanced LaTeX Graphics (DPC,SPQR)
graphics.sty    2019/11/30 v1.4a Standard LaTeX Graphics (DPC,SPQR)
    trig.sty    2016/01/03 v1.10 sin cos tan (DPC)
graphics.cfg    2016/06/04 v1.11 sample graphics configuration
  pdftex.def    2018/01/08 v1.0l Graphics/color driver for pdftex
 arabtex.sty    2003/08/22  3.11 ArabTeX main module
 arabaux.sty    2003/05/21  3.11 auxiliary macros for ArabTeX
    acmd.sty    2003/08/20  3.11 Arabic command processing 
  afonts.sty    1995/11/16  3.04 define Naskh font 
 afonts2.sty    1998/10/19  3.10 define Naskh fonts for LaTeX2e
   ascan.sty    2003/08/22  3.11 standard ZDMG input encoding 
  aparse.sty    2003/05/26  3.11 get syllables 
  awrite.sty    2003/06/05  3.11 build output word 
xarbsymb.sty    1998/07/15  3.07 symbolic output encoding 
arabskel.sty    2000/06/04  3.10 character skeleton definitions 
xarbskel.sty    1999/07/17  3.09 character skeleton definitions 
  aboxes.sty    2003/05/28  3.11 build output boxes
arabtoks.sty    1999/07/17  3.09 ArabTeX CS token definitions 
arabchrs.sty    1998/07/11  3.07 letter token definitions 
   aligs.sty    2003/05/26  3.11 compute ligatures
 aoutput.sty    2000/06/04  3.10 build output lines
  abidir.sty    2003/08/22  3.11 bidirectional linebreaking
  atrans.sty    2003/06/14  3.11 generate the transliteration 
  alatex.sty    2003/05/04  3.11 ArabTeX extensions for LaTeX 
   afoot.sty    2003/05/12  3.11 ArabTeX footnotes
   abjad.sty    2003/04/26  3.11 abjad numerals 
  apatch.sty    2006/07/02  3.11s last minute patches 
  alists.sty    2003/04/26  3.11 inverted list macros
   asect.sty    2003/04/26  3.11 section macros for Arabic
   atabg.sty    1997/01/21  3.05 LaTeX tabbing macros for Arabic
    utf8.sty    2000/06/13  3.10 UTF-8 input encoding 
 utfcode.sty    2002/03/07  3.10a Arabic+Hebrew segment of UTF-8
adjustbox.sty    2019/01/04 v1.2 Adjusting TeX boxes (trim, clip, ...)
 xkeyval.sty    2014/12/03 v2.7a package option processing (HA)
 xkeyval.tex    2014/12/03 v2.7a key=value parser (HA)
 adjcalc.sty    2012/05/16 v1.1 Provides advanced setlength with multiple back-
ends (calc, etex, pgfmath)
trimclip.sty    2018/04/08 v1.1 Trim and clip general TeX material
collectbox.sty    2012/05/17 v0.4b Collect macro arguments as boxes
tc-pdftex.def    2019/01/04 v2.2 Clipping driver for pdftex
ifoddpage.sty    2016/04/23 v1.1 Conditionals for odd/even page detection
varwidth.sty    2009/03/30 ver 0.92;  Variable-width minipages
longtable.sty    2020/01/07 v4.13 Multi-page Table package (DPC)
 caption.sty    2020/01/03 v3.4h Customizing captions (AR)
caption3.sty    2020/01/03 v1.8h caption3 kernel (AR)
ltcaption.sty    2018/08/26 v1.4a longtable captions (AR)
subcaption.sty    2020/01/22 v1.3d Sub-captions (AR)
hyperref.sty    2020/01/14 v7.00d Hypertext links for LaTeX
 ltxcmds.sty    2019/12/15 v1.24 LaTeX kernel commands for general use (HO)
pdftexcmds.sty    2019/11/24 v0.31 Utility functions of pdfTeX for LuaTeX (HO)
infwarerr.sty    2019/12/03 v1.5 Providing info/warning/error messages (HO)
kvsetkeys.sty    2019/12/15 v1.18 Key value parser (HO)
kvdefinekeys.sty    2019-12-19 v1.6 Define keys (HO)
pdfescape.sty    2019/12/09 v1.15 Implements pdfTeX's escape features (HO)
 hycolor.sty    2020-01-27 v1.10 Color options for hyperref/bookmark (HO)
letltxmacro.sty    2019/12/03 v1.6 Let assignment for LaTeX macros (HO)
 auxhook.sty    2019-12-17 v1.6 Hooks for auxiliary files (HO)
kvoptions.sty    2019/11/29 v3.13 Key value format for package options (HO)
  pd1enc.def    2020/01/14 v7.00d Hyperref: PDFDocEncoding definition (HO)
 intcalc.sty    2019/12/15 v1.3 Expandable calculations with integers (HO)
etexcmds.sty    2019/12/15 v1.7 Avoid name clashes with e-TeX commands (HO)
     url.sty    2013/09/16  ver 3.4  Verb mode for urls, etc.
  bitset.sty    2019/12/09 v1.3 Handle bit-vector datatype (HO)
bigintcalc.sty    2019/12/15 v1.5 Expandable calculations on big integers (HO)
atbegshi.sty    2019/12/05 v1.19 At begin shipout hook (HO)
 hpdftex.def    2020/01/14 v7.00d Hyperref driver for pdfTeX
atveryend.sty    2019-12-11 v1.11 Hooks at the very end of document (HO)
rerunfilecheck.sty    2019/12/05 v1.9 Rerun checks for auxiliary files (HO)
uniquecounter.sty    2019/12/15 v1.4 Provide unlimited unique counter (HO)
    cite.sty    2015/02/27  v 5.5
l3backend-pdfmode.def    2020-02-03 L3 backend support: PDF mode
supp-pdf.mkii
epstopdf-base.sty    2020-01-24 v2.11 Base part for package epstopdf
epstopdf-sys.cfg    2010/07/13 v1.3 Configuration of (r)epstopdf for TeX Live
 nameref.sty    2019/09/16 v2.46 Cross-referencing by name of section
refcount.sty    2019/12/15 v3.6 Data extraction from label references (HO)
gettitlestring.sty    2019/12/15 v1.6 Cleanup title references (HO)
head-master.out
head-master.out
  apatch.sty    2006/07/02  3.11s last minute patches 
cover-page/cover-page.tex
./cover-page/esi-logo.png
abstract-master/abstract.tex
   Uxnsh.fd
general-intoduction-master/general-intoduction.tex
chapter-01-general-medical-information/skin.tex
./chapter-01-general-medical-information/skin-anatomy.jpg
./chapter-01-general-medical-information/hair-sweat-gland.jpg
./chapter-01-general-medical-information/protective-barrier.jpg
./chapter-01-general-medical-information/vitaminD.jpg
chapter-01-general-medical-information/cancer.tex
./chapter-01-general-medical-information/mutation.png
./chapter-01-general-medical-information/dna-rearrangement.png
./chapter-01-general-medical-information/benign-malignant.png
chapter-01-general-medical-information/skin-cancer.tex
./chapter-01-general-medical-information/Melanoma.jpg
./chapter-01-general-medical-information/Squamous.png
./chapter-01-general-medical-information/basal.jpeg
chapter-02-general-ai-information/ai.tex
./chapter-02-general-ai-information/versus.jpg
./chapter-02-general-ai-information/machine-learning-cv.png
./chapter-02-general-ai-information/cnn.png
chapter-03-state-of-the-art/state_of_the_art.tex
./chapter-03-state-of-the-art/preprocessing.png
./chapter-03-state-of-the-art/segmentation.png
./chapter-03-state-of-the-art/confusion-matrix.png
./chapter-03-state-of-the-art/ROC.png
./chapter-03-state-of-the-art/dls.png
./chapter-03-state-of-the-art/clinical-image.png
./chapter-03-state-of-the-art/ann.png
./chapter-03-state-of-the-art/evaluation.png
./chapter-03-state-of-the-art/seg-input.png
./chapter-03-state-of-the-art/seg-output.png
chapter-05-our-contribution/contribution.tex
./chapter-05-our-contribution/3.png
./chapter-05-our-contribution/2.png
./chapter-05-our-contribution/5.png
./chapter-05-our-contribution/4.png
./chapter-05-our-contribution/1.png
head-master.bbl
 ***********

Package atveryend Info: Executing hook `AtEndAfterFileList' on input line 60.
Package rerunfilecheck Info: File `head-master.out' has not changed.
(rerunfilecheck)             Checksum: AF8F85C920BC32E3004A9C32327AFD1B;4141.

LaTeX Warning: There were multiply-defined labels.

Package atveryend Info: Empty hook `AtVeryVeryEnd' on input line 60.
 ) 
Here is how much of TeX's memory you used:
 11008 strings out of 481239
 164686 string characters out of 5920377
 467238 words of memory out of 5000000
 25759 multiletter control sequences out of 15000+600000
 541774 words of font info for 55 fonts, out of 8000000 for 9000
 1141 hyphenation exceptions out of 8191
 55i,10n,96p,1807b,584s stack positions out of 5000i,500n,10000p,200000b,80000s
{/usr/share/texmf/fonts/enc/dvips/cm-super/cm-super-ts1.enc}</usr/share/texli
ve/texmf-dist/fonts/type1/public/amsfonts/cm/cmbx10.pfb></usr/share/texlive/tex
mf-dist/fonts/type1/public/amsfonts/cm/cmbx12.pfb></usr/share/texlive/texmf-dis
t/fonts/type1/public/amsfonts/cm/cmmi12.pfb></usr/share/texlive/texmf-dist/font
s/type1/public/amsfonts/cm/cmr10.pfb></usr/share/texlive/texmf-dist/fonts/type1
/public/amsfonts/cm/cmr12.pfb></usr/share/texlive/texmf-dist/fonts/type1/public
/amsfonts/cm/cmr17.pfb></usr/share/texlive/texmf-dist/fonts/type1/public/amsfon
ts/cm/cmr8.pfb></usr/share/texlive/texmf-dist/fonts/type1/public/amsfonts/cm/cm
sy10.pfb></usr/share/texlive/texmf-dist/fonts/type1/public/amsfonts/cm/cmsy8.pf
b></usr/share/texlive/texmf-dist/fonts/type1/public/amsfonts/cm/cmti12.pfb></us
r/share/texlive/texmf-dist/fonts/type1/public/amsfonts/cm/cmtt12.pfb></usr/shar
e/texmf/fonts/type1/public/cm-super/sfrm1200.pfb></usr/share/texlive/texmf-dist
/fonts/type1/public/arabtex/xnsh14.pfb>
Output written on head-master.pdf (58 pages, 6426036 bytes).
PDF statistics:
 1033 PDF objects out of 1200 (max. 8388607)
 891 compressed objects within 9 object streams
 210 named destinations out of 1000 (max. 500000)
 578 words of extra memory for PDF output out of 10000 (max. 10000000)

