\BOOKMARK [0][-]{chapter.1}{General Introduction}{}% 1
\BOOKMARK [0][-]{chapter.2}{General Medecal Information}{}% 2
\BOOKMARK [1][-]{section.2.1}{Skin}{chapter.2}% 3
\BOOKMARK [2][-]{subsection.2.1.1}{Skin Anatomy}{section.2.1}% 4
\BOOKMARK [2][-]{subsection.2.1.2}{Other entities also contained in the skin}{section.2.1}% 5
\BOOKMARK [2][-]{subsection.2.1.3}{Functions of the Skin}{section.2.1}% 6
\BOOKMARK [1][-]{section.2.2}{Cancer}{chapter.2}% 7
\BOOKMARK [2][-]{subsection.2.2.1}{Origin}{section.2.2}% 8
\BOOKMARK [2][-]{subsection.2.2.2}{Types}{section.2.2}% 9
\BOOKMARK [1][-]{section.2.3}{skin cancer}{chapter.2}% 10
\BOOKMARK [2][-]{subsection.2.3.1}{symptoms}{section.2.3}% 11
\BOOKMARK [2][-]{subsection.2.3.2}{types}{section.2.3}% 12
\BOOKMARK [2][-]{subsection.2.3.3}{causes}{section.2.3}% 13
\BOOKMARK [2][-]{subsection.2.3.4}{risk factors}{section.2.3}% 14
\BOOKMARK [2][-]{subsection.2.3.5}{prevention}{section.2.3}% 15
\BOOKMARK [2][-]{subsection.2.3.6}{treatement}{section.2.3}% 16
\BOOKMARK [0][-]{chapter.3}{Artificial Intelligence}{}% 17
\BOOKMARK [1][-]{section.3.1}{Artificial Intelligence}{chapter.3}% 18
\BOOKMARK [2][-]{subsection.3.1.1}{overview}{section.3.1}% 19
\BOOKMARK [2][-]{subsection.3.1.2}{definition}{section.3.1}% 20
\BOOKMARK [2][-]{subsection.3.1.3}{turing test}{section.3.1}% 21
\BOOKMARK [2][-]{subsection.3.1.4}{the 4 types of Artificial Intelligence}{section.3.1}% 22
\BOOKMARK [2][-]{subsection.3.1.5}{Artificial Intelligence Categories}{section.3.1}% 23
\BOOKMARK [1][-]{section.3.2}{Machine Learning}{chapter.3}% 24
\BOOKMARK [2][-]{subsection.3.2.1}{overview}{section.3.2}% 25
\BOOKMARK [2][-]{subsection.3.2.2}{definition}{section.3.2}% 26
\BOOKMARK [2][-]{subsection.3.2.3}{types of machine learning algorithms}{section.3.2}% 27
\BOOKMARK [2][-]{subsection.3.2.4}{examples and applications}{section.3.2}% 28
\BOOKMARK [1][-]{section.3.3}{Deep Learning}{chapter.3}% 29
\BOOKMARK [2][-]{subsection.3.3.1}{overview}{section.3.3}% 30
\BOOKMARK [2][-]{subsection.3.3.2}{definition}{section.3.3}% 31
\BOOKMARK [2][-]{subsection.3.3.3}{what is next?}{section.3.3}% 32
\BOOKMARK [1][-]{section.3.4}{Ai vs Machine Learning vs Deep Learning}{chapter.3}% 33
\BOOKMARK [1][-]{section.3.5}{computer vision}{chapter.3}% 34
\BOOKMARK [2][-]{subsection.3.5.1}{overview}{section.3.5}% 35
\BOOKMARK [2][-]{subsection.3.5.2}{using machine learning methods}{section.3.5}% 36
\BOOKMARK [2][-]{subsection.3.5.3}{using deep learning}{section.3.5}% 37
\BOOKMARK [2][-]{subsection.3.5.4}{applications of computer vision}{section.3.5}% 38
\BOOKMARK [2][-]{subsection.3.5.5}{some technologies of computer vision}{section.3.5}% 39
\BOOKMARK [0][-]{chapter.4}{State Of The Art}{}% 40
