This is pdfTeX, Version 3.14159265-2.6-1.40.20 (TeX Live 2019/Debian) (preloaded format=pdflatex 2022.3.17)  25 APR 2022 02:03
entering extended mode
 restricted \write18 enabled.
 %&-line parsing enabled.
**head.tex
(./head.tex
LaTeX2e <2020-02-02> patch level 2
L3 programming layer <2020-02-14>
(/usr/share/texlive/texmf-dist/tex/latex/base/report.cls
Document Class: report 2019/12/20 v1.4l Standard LaTeX document class
(/usr/share/texlive/texmf-dist/tex/latex/base/size12.clo
File: size12.clo 2019/12/20 v1.4l Standard LaTeX file (size option)
)
\c@part=\count167
\c@chapter=\count168
\c@section=\count169
\c@subsection=\count170
\c@subsubsection=\count171
\c@paragraph=\count172
\c@subparagraph=\count173
\c@figure=\count174
\c@table=\count175
\abovecaptionskip=\skip47
\belowcaptionskip=\skip48
\bibindent=\dimen134
)
(/usr/share/texlive/texmf-dist/tex/latex/geometry/geometry.sty
Package: geometry 2020/01/02 v5.9 Page Geometry

(/usr/share/texlive/texmf-dist/tex/latex/graphics/keyval.sty
Package: keyval 2014/10/28 v1.15 key=value parser (DPC)
\KV@toks@=\toks14
)
(/usr/share/texlive/texmf-dist/tex/generic/iftex/ifvtex.sty
Package: ifvtex 2019/10/25 v1.7 ifvtex legacy package. Use iftex instead.

(/usr/share/texlive/texmf-dist/tex/generic/iftex/iftex.sty
Package: iftex 2019/11/07 v1.0c TeX engine tests
))
\Gm@cnth=\count176
\Gm@cntv=\count177
\c@Gm@tempcnt=\count178
\Gm@bindingoffset=\dimen135
\Gm@wd@mp=\dimen136
\Gm@odd@mp=\dimen137
\Gm@even@mp=\dimen138
\Gm@layoutwidth=\dimen139
\Gm@layoutheight=\dimen140
\Gm@layouthoffset=\dimen141
\Gm@layoutvoffset=\dimen142
\Gm@dimlist=\toks15
)
(/usr/share/texlive/texmf-dist/tex/latex/graphics/graphicx.sty
Package: graphicx 2019/11/30 v1.2a Enhanced LaTeX Graphics (DPC,SPQR)

(/usr/share/texlive/texmf-dist/tex/latex/graphics/graphics.sty
Package: graphics 2019/11/30 v1.4a Standard LaTeX Graphics (DPC,SPQR)

(/usr/share/texlive/texmf-dist/tex/latex/graphics/trig.sty
Package: trig 2016/01/03 v1.10 sin cos tan (DPC)
)
(/usr/share/texlive/texmf-dist/tex/latex/graphics-cfg/graphics.cfg
File: graphics.cfg 2016/06/04 v1.11 sample graphics configuration
)
Package graphics Info: Driver file: pdftex.def on input line 105.

(/usr/share/texlive/texmf-dist/tex/latex/graphics-def/pdftex.def
File: pdftex.def 2018/01/08 v1.0l Graphics/color driver for pdftex
))
\Gin@req@height=\dimen143
\Gin@req@width=\dimen144
)
(/usr/share/texlive/texmf-dist/tex/latex/hyperref/hyperref.sty
Package: hyperref 2020/01/14 v7.00d Hypertext links for LaTeX

(/usr/share/texlive/texmf-dist/tex/generic/ltxcmds/ltxcmds.sty
Package: ltxcmds 2019/12/15 v1.24 LaTeX kernel commands for general use (HO)
)
(/usr/share/texlive/texmf-dist/tex/latex/pdftexcmds/pdftexcmds.sty
Package: pdftexcmds 2019/11/24 v0.31 Utility functions of pdfTeX for LuaTeX (HO
)

(/usr/share/texlive/texmf-dist/tex/generic/infwarerr/infwarerr.sty
Package: infwarerr 2019/12/03 v1.5 Providing info/warning/error messages (HO)
)
Package pdftexcmds Info: \pdf@primitive is available.
Package pdftexcmds Info: \pdf@ifprimitive is available.
Package pdftexcmds Info: \pdfdraftmode found.
)
(/usr/share/texlive/texmf-dist/tex/generic/kvsetkeys/kvsetkeys.sty
Package: kvsetkeys 2019/12/15 v1.18 Key value parser (HO)
)
(/usr/share/texlive/texmf-dist/tex/generic/kvdefinekeys/kvdefinekeys.sty
Package: kvdefinekeys 2019-12-19 v1.6 Define keys (HO)
)
(/usr/share/texlive/texmf-dist/tex/generic/pdfescape/pdfescape.sty
Package: pdfescape 2019/12/09 v1.15 Implements pdfTeX's escape features (HO)
)
(/usr/share/texlive/texmf-dist/tex/latex/hycolor/hycolor.sty
Package: hycolor 2020-01-27 v1.10 Color options for hyperref/bookmark (HO)
)
(/usr/share/texlive/texmf-dist/tex/latex/letltxmacro/letltxmacro.sty
Package: letltxmacro 2019/12/03 v1.6 Let assignment for LaTeX macros (HO)
)
(/usr/share/texlive/texmf-dist/tex/latex/auxhook/auxhook.sty
Package: auxhook 2019-12-17 v1.6 Hooks for auxiliary files (HO)
)
(/usr/share/texlive/texmf-dist/tex/latex/kvoptions/kvoptions.sty
Package: kvoptions 2019/11/29 v3.13 Key value format for package options (HO)
)
\@linkdim=\dimen145
\Hy@linkcounter=\count179
\Hy@pagecounter=\count180

(/usr/share/texlive/texmf-dist/tex/latex/hyperref/pd1enc.def
File: pd1enc.def 2020/01/14 v7.00d Hyperref: PDFDocEncoding definition (HO)
Now handling font encoding PD1 ...
... no UTF-8 mapping file for font encoding PD1
)
(/usr/share/texlive/texmf-dist/tex/generic/intcalc/intcalc.sty
Package: intcalc 2019/12/15 v1.3 Expandable calculations with integers (HO)
)
(/usr/share/texlive/texmf-dist/tex/generic/etexcmds/etexcmds.sty
Package: etexcmds 2019/12/15 v1.7 Avoid name clashes with e-TeX commands (HO)
)
\Hy@SavedSpaceFactor=\count181
\pdfmajorversion=\count182
Package hyperref Info: Hyper figures OFF on input line 4547.
Package hyperref Info: Link nesting OFF on input line 4552.
Package hyperref Info: Hyper index ON on input line 4555.
Package hyperref Info: Plain pages OFF on input line 4562.
Package hyperref Info: Backreferencing OFF on input line 4567.
Package hyperref Info: Implicit mode ON; LaTeX internals redefined.
Package hyperref Info: Bookmarks ON on input line 4800.
\c@Hy@tempcnt=\count183

(/usr/share/texlive/texmf-dist/tex/latex/url/url.sty
\Urlmuskip=\muskip16
Package: url 2013/09/16  ver 3.4  Verb mode for urls, etc.
)
LaTeX Info: Redefining \url on input line 5159.
\XeTeXLinkMargin=\dimen146

(/usr/share/texlive/texmf-dist/tex/generic/bitset/bitset.sty
Package: bitset 2019/12/09 v1.3 Handle bit-vector datatype (HO)

(/usr/share/texlive/texmf-dist/tex/generic/bigintcalc/bigintcalc.sty
Package: bigintcalc 2019/12/15 v1.5 Expandable calculations on big integers (HO
)
))
\Fld@menulength=\count184
\Field@Width=\dimen147
\Fld@charsize=\dimen148
Package hyperref Info: Hyper figures OFF on input line 6430.
Package hyperref Info: Link nesting OFF on input line 6435.
Package hyperref Info: Hyper index ON on input line 6438.
Package hyperref Info: backreferencing OFF on input line 6445.
Package hyperref Info: Link coloring OFF on input line 6450.
Package hyperref Info: Link coloring with OCG OFF on input line 6455.
Package hyperref Info: PDF/A mode OFF on input line 6460.
LaTeX Info: Redefining \ref on input line 6500.
LaTeX Info: Redefining \pageref on input line 6504.

(/usr/share/texlive/texmf-dist/tex/generic/atbegshi/atbegshi.sty
Package: atbegshi 2019/12/05 v1.19 At begin shipout hook (HO)
)
\Hy@abspage=\count185
\c@Item=\count186
\c@Hfootnote=\count187
)
Package hyperref Info: Driver (autodetected): hpdftex.

(/usr/share/texlive/texmf-dist/tex/latex/hyperref/hpdftex.def
File: hpdftex.def 2020/01/14 v7.00d Hyperref driver for pdfTeX

(/usr/share/texlive/texmf-dist/tex/latex/atveryend/atveryend.sty
Package: atveryend 2019-12-11 v1.11 Hooks at the very end of document (HO)
Package atveryend Info: \enddocument detected (standard20110627).
)
\Fld@listcount=\count188
\c@bookmark@seq@number=\count189

(/usr/share/texlive/texmf-dist/tex/latex/rerunfilecheck/rerunfilecheck.sty
Package: rerunfilecheck 2019/12/05 v1.9 Rerun checks for auxiliary files (HO)

(/usr/share/texlive/texmf-dist/tex/generic/uniquecounter/uniquecounter.sty
Package: uniquecounter 2019/12/15 v1.4 Provide unlimited unique counter (HO)
)
Package uniquecounter Info: New unique counter `rerunfilecheck' on input line 2
86.
)
\Hy@SectionHShift=\skip49
)
(/usr/share/texlive/texmf-dist/tex/latex/l3backend/l3backend-pdfmode.def
File: l3backend-pdfmode.def 2020-02-03 L3 backend support: PDF mode
\l__kernel_color_stack_int=\count190
\l__pdf_internal_box=\box45
)
(./head.aux)
\openout1 = `head.aux'.

LaTeX Font Info:    Checking defaults for OML/cmm/m/it on input line 13.
LaTeX Font Info:    ... okay on input line 13.
LaTeX Font Info:    Checking defaults for OMS/cmsy/m/n on input line 13.
LaTeX Font Info:    ... okay on input line 13.
LaTeX Font Info:    Checking defaults for OT1/cmr/m/n on input line 13.
LaTeX Font Info:    ... okay on input line 13.
LaTeX Font Info:    Checking defaults for T1/cmr/m/n on input line 13.
LaTeX Font Info:    ... okay on input line 13.
LaTeX Font Info:    Checking defaults for TS1/cmr/m/n on input line 13.
LaTeX Font Info:    ... okay on input line 13.
LaTeX Font Info:    Checking defaults for OMX/cmex/m/n on input line 13.
LaTeX Font Info:    ... okay on input line 13.
LaTeX Font Info:    Checking defaults for U/cmr/m/n on input line 13.
LaTeX Font Info:    ... okay on input line 13.
LaTeX Font Info:    Checking defaults for PD1/pdf/m/n on input line 13.
LaTeX Font Info:    ... okay on input line 13.

*geometry* driver: auto-detecting
*geometry* detected driver: pdftex
*geometry* verbose mode - [ preamble ] result:
* driver: pdftex
* paper: a4paper
* layout: <same size as paper>
* layoutoffset:(h,v)=(0.0pt,0.0pt)
* modes: 
* h-part:(L,W,R)=(72.26999pt, 452.9679pt, 72.26999pt)
* v-part:(T,H,B)=(72.26999pt, 700.50687pt, 72.26999pt)
* \paperwidth=597.50787pt
* \paperheight=845.04684pt
* \textwidth=452.9679pt
* \textheight=700.50687pt
* \oddsidemargin=0.0pt
* \evensidemargin=0.0pt
* \topmargin=-37.0pt
* \headheight=12.0pt
* \headsep=25.0pt
* \topskip=12.0pt
* \footskip=30.0pt
* \marginparwidth=35.0pt
* \marginparsep=10.0pt
* \columnsep=10.0pt
* \skip\footins=10.8pt plus 4.0pt minus 2.0pt
* \hoffset=0.0pt
* \voffset=0.0pt
* \mag=1000
* \@twocolumnfalse
* \@twosidefalse
* \@mparswitchfalse
* \@reversemarginfalse
* (1in=72.27pt=25.4mm, 1cm=28.453pt)

(/usr/share/texlive/texmf-dist/tex/context/base/mkii/supp-pdf.mkii
[Loading MPS to PDF converter (version 2006.09.02).]
\scratchcounter=\count191
\scratchdimen=\dimen149
\scratchbox=\box46
\nofMPsegments=\count192
\nofMParguments=\count193
\everyMPshowfont=\toks16
\MPscratchCnt=\count194
\MPscratchDim=\dimen150
\MPnumerator=\count195
\makeMPintoPDFobject=\count196
\everyMPtoPDFconversion=\toks17
) (/usr/share/texlive/texmf-dist/tex/latex/epstopdf-pkg/epstopdf-base.sty
Package: epstopdf-base 2020-01-24 v2.11 Base part for package epstopdf
Package epstopdf-base Info: Redefining graphics rule for `.eps' on input line 4
85.

(/usr/share/texlive/texmf-dist/tex/latex/latexconfig/epstopdf-sys.cfg
File: epstopdf-sys.cfg 2010/07/13 v1.3 Configuration of (r)epstopdf for TeX Liv
e
))
\AtBeginShipoutBox=\box47
Package hyperref Info: Link coloring OFF on input line 13.

(/usr/share/texlive/texmf-dist/tex/latex/hyperref/nameref.sty
Package: nameref 2019/09/16 v2.46 Cross-referencing by name of section

(/usr/share/texlive/texmf-dist/tex/latex/refcount/refcount.sty
Package: refcount 2019/12/15 v3.6 Data extraction from label references (HO)
)
(/usr/share/texlive/texmf-dist/tex/generic/gettitlestring/gettitlestring.sty
Package: gettitlestring 2019/12/15 v1.6 Cleanup title references (HO)
)
\c@section@level=\count197
)
LaTeX Info: Redefining \ref on input line 13.
LaTeX Info: Redefining \pageref on input line 13.
LaTeX Info: Redefining \nameref on input line 13.

(./head.out) (./head.out)
\@outlinefile=\write3
\openout3 = `head.out'.

 (./cover-page/cover-page.tex
<./cover-page/esi-logo.png, id=48, 451.6875pt x 79.04532pt>
File: ./cover-page/esi-logo.png Graphic file (type png)
<use ./cover-page/esi-logo.png>
Package pdftex.def Info: ./cover-page/esi-logo.png  used on input line 5.
(pdftex.def)             Requested size: 451.68639pt x 79.0451pt.
 [1

{/var/lib/texmf/fonts/map/pdftex/updmap/pdftex.map} <./cover-page/esi-logo.png>
])pdfTeX warning (ext4): destination with the same identifier (name{page.1}) ha
s been already used, duplicate ignored
<to be read again> 
                   \relax 
l.18 \newpage
              [1] [2] (./head.toc
LaTeX Font Info:    External font `cmex10' loaded for size
(Font)              <12> on input line 3.
LaTeX Font Info:    External font `cmex10' loaded for size
(Font)              <8> on input line 3.
LaTeX Font Info:    External font `cmex10' loaded for size
(Font)              <6> on input line 3.
)
\tf@toc=\write4
\openout4 = `head.toc'.

 [3

] (./head.lof)
\tf@lof=\write5
\openout5 = `head.lof'.

 [4

] (./head.lot)
\tf@lot=\write6
\openout6 = `head.lot'.

 [5

]
Chapter 1.
[6

]
Chapter 2.
(./chapter-01-general-medical-information/skin.tex
<./chapter-01-general-medical-information/skin-anatomy.jpg, id=137, 803.0pt x 6
02.25pt>
File: ./chapter-01-general-medical-information/skin-anatomy.jpg Graphic file (t
ype jpg)
<use ./chapter-01-general-medical-information/skin-anatomy.jpg>
Package pdftex.def Info: ./chapter-01-general-medical-information/skin-anatomy.
jpg  used on input line 15.
(pdftex.def)             Requested size: 426.79134pt x 320.10074pt.
<./chapter-01-general-medical-information/hair-sweat-gland.jpg, id=140, 1927.2p
t x 1060.96375pt>
File: ./chapter-01-general-medical-information/hair-sweat-gland.jpg Graphic fil
e (type jpg)
<use ./chapter-01-general-medical-information/hair-sweat-gland.jpg>
Package pdftex.def Info: ./chapter-01-general-medical-information/hair-sweat-gl
and.jpg  used on input line 31.
(pdftex.def)             Requested size: 426.79134pt x 234.9507pt.
 [7

] [8 <./chapter-01-general-medical-information/skin-anatomy.jpg> <./chapter-01-
general-medical-information/hair-sweat-gland.jpg>]
<./chapter-01-general-medical-information/protective-barrier.jpg, id=161, 963.6
pt x 542.025pt>
File: ./chapter-01-general-medical-information/protective-barrier.jpg Graphic f
ile (type jpg)
<use ./chapter-01-general-medical-information/protective-barrier.jpg>
Package pdftex.def Info: ./chapter-01-general-medical-information/protective-ba
rrier.jpg  used on input line 64.
(pdftex.def)             Requested size: 426.79134pt x 240.06314pt.
<./chapter-01-general-medical-information/vitaminD.jpg, id=163, 99.0099pt x 66.
05478pt>
File: ./chapter-01-general-medical-information/vitaminD.jpg Graphic file (type 
jpg)
<use ./chapter-01-general-medical-information/vitaminD.jpg>
Package pdftex.def Info: ./chapter-01-general-medical-information/vitaminD.jpg 
 used on input line 72.
(pdftex.def)             Requested size: 284.52756pt x 189.84145pt.
) (./chapter-01-general-medical-information/cancer.tex
<./chapter-01-general-medical-information/mutation.png, id=174, 1204.5pt x 644.
4075pt>
File: ./chapter-01-general-medical-information/mutation.png Graphic file (type 
png)
<use ./chapter-01-general-medical-information/mutation.png>
Package pdftex.def Info: ./chapter-01-general-medical-information/mutation.png 
 used on input line 31.
(pdftex.def)             Requested size: 426.79134pt x 228.33853pt.
<./chapter-01-general-medical-information/dna-rearrangement.png, id=176, 450.93
47pt x 315.42844pt>
File: ./chapter-01-general-medical-information/dna-rearrangement.png Graphic fi
le (type png)
<use ./chapter-01-general-medical-information/dna-rearrangement.png>
Package pdftex.def Info: ./chapter-01-general-medical-information/dna-rearrange
ment.png  used on input line 39.
(pdftex.def)             Requested size: 426.79134pt x 298.55794pt.

[9] [10 <./chapter-01-general-medical-information/protective-barrier.jpg> <./ch
apter-01-general-medical-information/vitaminD.jpg>]
<./chapter-01-general-medical-information/benign-malignant.png, id=194, 276.031
25pt x 183.68625pt>
File: ./chapter-01-general-medical-information/benign-malignant.png Graphic fil
e (type png)
<use ./chapter-01-general-medical-information/benign-malignant.png>
Package pdftex.def Info: ./chapter-01-general-medical-information/benign-malign
ant.png  used on input line 54.
(pdftex.def)             Requested size: 426.79134pt x 284.04083pt.
 [11 <./chapter-01-general-medical-information/mutation.png>] [12 <./chapter-01
-general-medical-information/dna-rearrangement.png> <./chapter-01-general-medic
al-information/benign-malignant.png>]) [13]
Chapter 3.
[14

]
Chapter 4.
(./head.bbl [15

]
Underfull \hbox (badness 1092) in paragraph at lines 4--6
[]\OT1/cmr/m/n/12 Skin, cleve-land clinic.  []$\OT1/cmtt/m/n/12 https : / / my 
. clevelandclinic . org / health / articles /
 []


Underfull \hbox (badness 2790) in paragraph at lines 8--11
[]\OT1/cmr/m/n/12 Hair and hu-man skin anatomy.  []$\OT1/cmtt/m/n/12 https : / 
/ www . vecteezy . com / vector-[]art /
 []


Underfull \hbox (badness 10000) in paragraph at lines 34--36
[]\OT1/cmr/m/n/12 Cancer, world health or-ga-ni-za-tion.  []$\OT1/cmtt/m/n/12 h
ttps : / / www . who . int / news-[]room /
 []


Underfull \hbox (badness 5893) in paragraph at lines 60--63
[]\OT1/cmr/m/n/12 What is can-cer?, na-tional can-cer in-sti-tute.  []$\OT1/cmt
t/m/n/12 https : / / www . cancer . gov /
 []

[16

])
Package atveryend Info: Empty hook `BeforeClearDocument' on input line 45.
 [17]
Package atveryend Info: Empty hook `AfterLastShipout' on input line 45.
 (./head.aux)
Package atveryend Info: Executing hook `AtVeryEndDocument' on input line 45.
Package atveryend Info: Executing hook `AtEndAfterFileList' on input line 45.
Package rerunfilecheck Info: File `head.out' has not changed.
(rerunfilecheck)             Checksum: C1C2756817407DFCA107D884B05BD918;680.
Package atveryend Info: Empty hook `AtVeryVeryEnd' on input line 45.
 ) 
Here is how much of TeX's memory you used:
 5838 strings out of 481239
 91262 string characters out of 5920377
 359561 words of memory out of 5000000
 20934 multiletter control sequences out of 15000+600000
 538657 words of font info for 45 fonts, out of 8000000 for 9000
 1141 hyphenation exceptions out of 8191
 34i,8n,34p,1137b,423s stack positions out of 5000i,500n,10000p,200000b,80000s
{/usr/share/texmf/fonts/enc/dvips/cm-super/cm-super-ts1.enc}</usr/share/texli
ve/texmf-dist/fonts/type1/public/amsfonts/cm/cmbx12.pfb></usr/share/texlive/tex
mf-dist/fonts/type1/public/amsfonts/cm/cmr12.pfb></usr/share/texlive/texmf-dist
/fonts/type1/public/amsfonts/cm/cmr17.pfb></usr/share/texlive/texmf-dist/fonts/
type1/public/amsfonts/cm/cmti12.pfb></usr/share/texlive/texmf-dist/fonts/type1/
public/amsfonts/cm/cmtt12.pfb></usr/share/texmf/fonts/type1/public/cm-super/sfr
m1200.pfb>
Output written on head.pdf (18 pages, 455290 bytes).
PDF statistics:
 287 PDF objects out of 1000 (max. 8388607)
 247 compressed objects within 3 object streams
 60 named destinations out of 1000 (max. 500000)
 129 words of extra memory for PDF output out of 10000 (max. 10000000)

