\BOOKMARK [0][-]{chapter.1}{General Introduction}{}% 1
\BOOKMARK [0][-]{chapter.2}{General Medecal Information}{}% 2
\BOOKMARK [1][-]{section.2.1}{Skin}{chapter.2}% 3
\BOOKMARK [2][-]{subsection.2.1.1}{Skin Anatomy}{section.2.1}% 4
\BOOKMARK [2][-]{subsection.2.1.2}{Other entities also contained in the skin}{section.2.1}% 5
\BOOKMARK [2][-]{subsection.2.1.3}{Functions of the Skin}{section.2.1}% 6
\BOOKMARK [1][-]{section.2.2}{Cancer}{chapter.2}% 7
\BOOKMARK [2][-]{subsection.2.2.1}{Origin}{section.2.2}% 8
\BOOKMARK [2][-]{subsection.2.2.2}{Types}{section.2.2}% 9
\BOOKMARK [1][-]{section.2.3}{Skin Cancer}{chapter.2}% 10
\BOOKMARK [2][-]{subsection.2.3.1}{Symptoms}{section.2.3}% 11
\BOOKMARK [2][-]{subsection.2.3.2}{Types}{section.2.3}% 12
\BOOKMARK [2][-]{subsection.2.3.3}{Causes}{section.2.3}% 13
\BOOKMARK [2][-]{subsection.2.3.4}{Risk Factors}{section.2.3}% 14
\BOOKMARK [2][-]{subsection.2.3.5}{Prevention}{section.2.3}% 15
\BOOKMARK [2][-]{subsection.2.3.6}{Treatment}{section.2.3}% 16
\BOOKMARK [0][-]{chapter.3}{Artificial Intelligence}{}% 17
\BOOKMARK [1][-]{section.3.1}{Artificial Intelligence}{chapter.3}% 18
\BOOKMARK [2][-]{subsection.3.1.1}{Overview}{section.3.1}% 19
\BOOKMARK [2][-]{subsection.3.1.2}{Definition}{section.3.1}% 20
\BOOKMARK [2][-]{subsection.3.1.3}{Turing Test}{section.3.1}% 21
\BOOKMARK [2][-]{subsection.3.1.4}{The 4 Types of Artificial Intelligence}{section.3.1}% 22
\BOOKMARK [2][-]{subsection.3.1.5}{Artificial Intelligence Categories}{section.3.1}% 23
\BOOKMARK [1][-]{section.3.2}{Machine Learning}{chapter.3}% 24
\BOOKMARK [2][-]{subsection.3.2.1}{Overview}{section.3.2}% 25
\BOOKMARK [2][-]{subsection.3.2.2}{Definition}{section.3.2}% 26
\BOOKMARK [2][-]{subsection.3.2.3}{Types of Machine Learning Algorithms}{section.3.2}% 27
\BOOKMARK [2][-]{subsection.3.2.4}{Examples and Applications}{section.3.2}% 28
\BOOKMARK [1][-]{section.3.3}{Deep Learning}{chapter.3}% 29
\BOOKMARK [2][-]{subsection.3.3.1}{Overview}{section.3.3}% 30
\BOOKMARK [2][-]{subsection.3.3.2}{Definition}{section.3.3}% 31
\BOOKMARK [2][-]{subsection.3.3.3}{What Is Next?}{section.3.3}% 32
\BOOKMARK [1][-]{section.3.4}{Ai vs Machine Learning vs Deep Learning}{chapter.3}% 33
\BOOKMARK [1][-]{section.3.5}{Computer Vision}{chapter.3}% 34
\BOOKMARK [2][-]{subsection.3.5.1}{overview}{section.3.5}% 35
\BOOKMARK [2][-]{subsection.3.5.2}{Using Machine Learning Methods}{section.3.5}% 36
\BOOKMARK [2][-]{subsection.3.5.3}{Using Deep Learning}{section.3.5}% 37
\BOOKMARK [2][-]{subsection.3.5.4}{Applications of Computer Vision}{section.3.5}% 38
\BOOKMARK [2][-]{subsection.3.5.5}{Some Technologies of Computer Vision}{section.3.5}% 39
\BOOKMARK [0][-]{chapter.4}{The Model}{}% 40
\BOOKMARK [1][-]{section.4.1}{Introduction}{chapter.4}% 41
\BOOKMARK [1][-]{section.4.2}{Proposed Convolutional Neural Network Model}{chapter.4}% 42
\BOOKMARK [1][-]{section.4.3}{Dataset \(MNIST- HAM10000\)}{chapter.4}% 43
\BOOKMARK [1][-]{section.4.4}{Pre-processing}{chapter.4}% 44
\BOOKMARK [1][-]{section.4.5}{Experimental results}{chapter.4}% 45
\BOOKMARK [0][-]{chapter.5}{The Diagnosis System}{}% 46
\BOOKMARK [1][-]{section.5.1}{Conception}{chapter.5}% 47
\BOOKMARK [2][-]{subsection.5.1.1}{Introduction}{section.5.1}% 48
\BOOKMARK [2][-]{subsection.5.1.2}{Class Diagram}{section.5.1}% 49
\BOOKMARK [2][-]{subsection.5.1.3}{Use Case Diagram}{section.5.1}% 50
\BOOKMARK [2][-]{subsection.5.1.4}{Component Diagram}{section.5.1}% 51
\BOOKMARK [2][-]{subsection.5.1.5}{Deployment Diagram}{section.5.1}% 52
\BOOKMARK [1][-]{section.5.2}{Presentation of the Web-based Platform}{chapter.5}% 53
\BOOKMARK [2][-]{subsection.5.2.1}{Introduction}{section.5.2}% 54
\BOOKMARK [2][-]{subsection.5.2.2}{Hardware}{section.5.2}% 55
\BOOKMARK [2][-]{subsection.5.2.3}{Software}{section.5.2}% 56
\BOOKMARK [2][-]{subsection.5.2.4}{The Web Application}{section.5.2}% 57
\BOOKMARK [2][-]{subsection.5.2.5}{The Interface}{section.5.2}% 58
\BOOKMARK [2][-]{subsection.5.2.6}{Future Work}{section.5.2}% 59
\BOOKMARK [0][-]{chapter.6}{Conclusion}{}% 60
