This is pdfTeX, Version 3.14159265-2.6-1.40.20 (TeX Live 2019/Debian) (preloaded format=pdflatex 2022.3.17)  20 JUN 2022 18:05
entering extended mode
 restricted \write18 enabled.
 %&-line parsing enabled.
**head.tex
(./head.tex
LaTeX2e <2020-02-02> patch level 2
L3 programming layer <2020-02-14>
(/usr/share/texlive/texmf-dist/tex/latex/base/report.cls
Document Class: report 2019/12/20 v1.4l Standard LaTeX document class
(/usr/share/texlive/texmf-dist/tex/latex/base/size12.clo
File: size12.clo 2019/12/20 v1.4l Standard LaTeX file (size option)
)
\c@part=\count167
\c@chapter=\count168
\c@section=\count169
\c@subsection=\count170
\c@subsubsection=\count171
\c@paragraph=\count172
\c@subparagraph=\count173
\c@figure=\count174
\c@table=\count175
\abovecaptionskip=\skip47
\belowcaptionskip=\skip48
\bibindent=\dimen134
)
(/usr/share/texlive/texmf-dist/tex/latex/geometry/geometry.sty
Package: geometry 2020/01/02 v5.9 Page Geometry

(/usr/share/texlive/texmf-dist/tex/latex/graphics/keyval.sty
Package: keyval 2014/10/28 v1.15 key=value parser (DPC)
\KV@toks@=\toks14
)
(/usr/share/texlive/texmf-dist/tex/generic/iftex/ifvtex.sty
Package: ifvtex 2019/10/25 v1.7 ifvtex legacy package. Use iftex instead.

(/usr/share/texlive/texmf-dist/tex/generic/iftex/iftex.sty
Package: iftex 2019/11/07 v1.0c TeX engine tests
))
\Gm@cnth=\count176
\Gm@cntv=\count177
\c@Gm@tempcnt=\count178
\Gm@bindingoffset=\dimen135
\Gm@wd@mp=\dimen136
\Gm@odd@mp=\dimen137
\Gm@even@mp=\dimen138
\Gm@layoutwidth=\dimen139
\Gm@layoutheight=\dimen140
\Gm@layouthoffset=\dimen141
\Gm@layoutvoffset=\dimen142
\Gm@dimlist=\toks15
)
(/usr/share/texlive/texmf-dist/tex/latex/graphics/graphicx.sty
Package: graphicx 2019/11/30 v1.2a Enhanced LaTeX Graphics (DPC,SPQR)

(/usr/share/texlive/texmf-dist/tex/latex/graphics/graphics.sty
Package: graphics 2019/11/30 v1.4a Standard LaTeX Graphics (DPC,SPQR)

(/usr/share/texlive/texmf-dist/tex/latex/graphics/trig.sty
Package: trig 2016/01/03 v1.10 sin cos tan (DPC)
)
(/usr/share/texlive/texmf-dist/tex/latex/graphics-cfg/graphics.cfg
File: graphics.cfg 2016/06/04 v1.11 sample graphics configuration
)
Package graphics Info: Driver file: pdftex.def on input line 105.

(/usr/share/texlive/texmf-dist/tex/latex/graphics-def/pdftex.def
File: pdftex.def 2018/01/08 v1.0l Graphics/color driver for pdftex
))
\Gin@req@height=\dimen143
\Gin@req@width=\dimen144
)
(/usr/share/texlive/texmf-dist/tex/latex/arabtex/arabtex.sty
(/usr/share/texlive/texmf-dist/tex/latex/arabtex/aconfig.sty
LaTeX2e detected 
BABEL detected
\a@moduledate=\count179
\a@maindate=\count180
)
Package: arabtex 2003/08/22  3.11 ArabTeX main module

(/usr/share/texlive/texmf-dist/tex/latex/arabtex/arabaux.sty
Package: arabaux 2003/05/21  3.11 auxiliary macros for ArabTeX
)
(/usr/share/texlive/texmf-dist/tex/latex/arabtex/acmd.sty
Package: acmd 2003/08/20  3.11 Arabic command processing 
)
(/usr/share/texlive/texmf-dist/tex/latex/arabtex/afonts.sty
Package: afonts 1995/11/16  3.04 define Naskh font 

(/usr/share/texlive/texmf-dist/tex/latex/arabtex/afonts2.sty
Package: afonts2 1998/10/19  3.10 define Naskh fonts for LaTeX2e
))
(/usr/share/texlive/texmf-dist/tex/latex/arabtex/ascan.sty
Package: ascan 2003/08/22  3.11 standard ZDMG input encoding 

(ArabTeX) scanner for code `arabtex' installed.
(ArabTeX) input encoding set to ArabTeX standard conventions.)
(/usr/share/texlive/texmf-dist/tex/latex/arabtex/aparse.sty
Package: aparse 2003/05/26  3.11 get syllables 
)
(/usr/share/texlive/texmf-dist/tex/latex/arabtex/awrite.sty
Package: awrite 2003/06/05  3.11 build output word 

(/usr/share/texlive/texmf-dist/tex/latex/arabtex/xarbsymb.sty
Package: xarbsymb 1998/07/15  3.07 symbolic output encoding 
)
(/usr/share/texlive/texmf-dist/tex/latex/arabtex/arabskel.sty
Package: arabskel 2000/06/04  3.10 character skeleton definitions 
)
(/usr/share/texlive/texmf-dist/tex/latex/arabtex/xarbskel.sty
Package: xarbskel 1999/07/17  3.09 character skeleton definitions 
)
(/usr/share/texlive/texmf-dist/tex/latex/arabtex/aboxes.sty
Package: aboxes 2003/05/28  3.11 build output boxes
)
(/usr/share/texlive/texmf-dist/tex/latex/arabtex/arabtoks.sty
Package: arabtoks 1999/07/17  3.09 ArabTeX CS token definitions 
)
(/usr/share/texlive/texmf-dist/tex/latex/arabtex/arabchrs.sty
Package: arabchrs 1998/07/11  3.07 letter token definitions 
))
(/usr/share/texlive/texmf-dist/tex/latex/arabtex/aligs.sty
Package: aligs 2003/05/26  3.11 compute ligatures
)
(/usr/share/texlive/texmf-dist/tex/latex/arabtex/aoutput.sty
Package: aoutput 2000/06/04  3.10 build output lines
)
(/usr/share/texlive/texmf-dist/tex/latex/arabtex/abidir.sty
Package: abidir 2003/08/22  3.11 bidirectional linebreaking
)
(/usr/share/texlive/texmf-dist/tex/latex/arabtex/atrans.sty
Package: atrans 2003/06/14  3.11 generate the transliteration 

(ArabTeX) ZDMG transliteration.)
(/usr/share/texlive/texmf-dist/tex/latex/arabtex/alatex.sty
Package: alatex 2003/05/04  3.11 ArabTeX extensions for LaTeX 

(/usr/share/texlive/texmf-dist/tex/latex/arabtex/afoot.sty
Package: afoot 2003/05/12  3.11 ArabTeX footnotes
))
(/usr/share/texlive/texmf-dist/tex/latex/arabtex/abjad.sty
Package: abjad 2003/04/26  3.11 abjad numerals 
)
(/usr/share/texlive/texmf-dist/tex/latex/arabtex/apatch.sty
(/usr/share/texlive/texmf-dist/tex/latex/arabtex/alists.sty
Package: alists 2003/04/26  3.11 inverted list macros
)
(/usr/share/texlive/texmf-dist/tex/latex/arabtex/asect.sty
Package: asect 2003/04/26  3.11 section macros for Arabic
)
(/usr/share/texlive/texmf-dist/tex/latex/arabtex/atabg.sty
Package: atabg 1997/01/21  3.05 LaTeX tabbing macros for Arabic
)
(/usr/share/texlive/texmf-dist/tex/latex/arabtex/alocal.sty
(ArabTeX) 3.11 local stub, 26.02.2006)
Package: apatch 2006/07/02  3.11s last minute patches 
)
Arabic processor `ArabTeX' [20060702 patch level 3.11s (02.07.2006)]
(ArabTeX) ... now be patient ... )
(/usr/share/texlive/texmf-dist/tex/latex/arabtex/utf8.sty
(/usr/share/texlive/texmf-dist/tex/latex/arabtex/utfcode.sty
Package: utfcode 2002/03/07  3.10a Arabic+Hebrew segment of UTF-8
\u@lb=\count276
\u@lq=\count277
)
Package: utf8 2000/06/13  3.10 UTF-8 input encoding 

(ArabTeX) scanner for code UTF-8 installed.)
(/usr/share/texlive/texmf-dist/tex/latex/caption/caption.sty
Package: caption 2020/01/03 v3.4h Customizing captions (AR)

(/usr/share/texlive/texmf-dist/tex/latex/caption/caption3.sty
Package: caption3 2020/01/03 v1.8h caption3 kernel (AR)
Package caption3 Info: Fixing ArabTeX on input line 44.
Package caption3 Info: TeX engine: e-TeX on input line 61.
\captionmargin=\dimen167
\captionmargin@=\dimen168
\captionwidth=\dimen169
\caption@tempdima=\dimen170
\caption@indent=\dimen171
\caption@parindent=\dimen172
\caption@hangindent=\dimen173
Package caption Info: Standard document class detected.
)
\c@caption@flags=\count278
\c@continuedfloat=\count279
)
(/usr/share/texlive/texmf-dist/tex/latex/caption/subcaption.sty
Package: subcaption 2020/01/22 v1.3d Sub-captions (AR)
\c@subfigure=\count280
\c@subtable=\count281
)
(/usr/share/texlive/texmf-dist/tex/latex/hyperref/hyperref.sty
Package: hyperref 2020/01/14 v7.00d Hypertext links for LaTeX

(/usr/share/texlive/texmf-dist/tex/generic/ltxcmds/ltxcmds.sty
Package: ltxcmds 2019/12/15 v1.24 LaTeX kernel commands for general use (HO)
)
(/usr/share/texlive/texmf-dist/tex/latex/pdftexcmds/pdftexcmds.sty
Package: pdftexcmds 2019/11/24 v0.31 Utility functions of pdfTeX for LuaTeX (HO
)

(/usr/share/texlive/texmf-dist/tex/generic/infwarerr/infwarerr.sty
Package: infwarerr 2019/12/03 v1.5 Providing info/warning/error messages (HO)
)
Package pdftexcmds Info: \pdf@primitive is available.
Package pdftexcmds Info: \pdf@ifprimitive is available.
Package pdftexcmds Info: \pdfdraftmode found.
)
(/usr/share/texlive/texmf-dist/tex/generic/kvsetkeys/kvsetkeys.sty
Package: kvsetkeys 2019/12/15 v1.18 Key value parser (HO)
)
(/usr/share/texlive/texmf-dist/tex/generic/kvdefinekeys/kvdefinekeys.sty
Package: kvdefinekeys 2019-12-19 v1.6 Define keys (HO)
)
(/usr/share/texlive/texmf-dist/tex/generic/pdfescape/pdfescape.sty
Package: pdfescape 2019/12/09 v1.15 Implements pdfTeX's escape features (HO)
)
(/usr/share/texlive/texmf-dist/tex/latex/hycolor/hycolor.sty
Package: hycolor 2020-01-27 v1.10 Color options for hyperref/bookmark (HO)
)
(/usr/share/texlive/texmf-dist/tex/latex/letltxmacro/letltxmacro.sty
Package: letltxmacro 2019/12/03 v1.6 Let assignment for LaTeX macros (HO)
)
(/usr/share/texlive/texmf-dist/tex/latex/auxhook/auxhook.sty
Package: auxhook 2019-12-17 v1.6 Hooks for auxiliary files (HO)


Package auxhook Warning: Cannot patch \document,
(auxhook)                using \AtBeginDocument instead.

) (/usr/share/texlive/texmf-dist/tex/latex/kvoptions/kvoptions.sty
Package: kvoptions 2019/11/29 v3.13 Key value format for package options (HO)
)
\@linkdim=\dimen174
\Hy@linkcounter=\count282
\Hy@pagecounter=\count283

(/usr/share/texlive/texmf-dist/tex/latex/hyperref/pd1enc.def
File: pd1enc.def 2020/01/14 v7.00d Hyperref: PDFDocEncoding definition (HO)
Now handling font encoding PD1 ...
... no UTF-8 mapping file for font encoding PD1
)
(/usr/share/texlive/texmf-dist/tex/generic/intcalc/intcalc.sty
Package: intcalc 2019/12/15 v1.3 Expandable calculations with integers (HO)
)
(/usr/share/texlive/texmf-dist/tex/generic/etexcmds/etexcmds.sty
Package: etexcmds 2019/12/15 v1.7 Avoid name clashes with e-TeX commands (HO)
)
\Hy@SavedSpaceFactor=\count284
\pdfmajorversion=\count285
Package hyperref Info: Hyper figures OFF on input line 4547.
Package hyperref Info: Link nesting OFF on input line 4552.
Package hyperref Info: Hyper index ON on input line 4555.
Package hyperref Info: Plain pages OFF on input line 4562.
Package hyperref Info: Backreferencing OFF on input line 4567.
Package hyperref Info: Implicit mode ON; LaTeX internals redefined.
Package hyperref Info: Bookmarks ON on input line 4800.
\c@Hy@tempcnt=\count286

(/usr/share/texlive/texmf-dist/tex/latex/url/url.sty
\Urlmuskip=\muskip16
Package: url 2013/09/16  ver 3.4  Verb mode for urls, etc.
)
LaTeX Info: Redefining \url on input line 5159.
\XeTeXLinkMargin=\dimen175

(/usr/share/texlive/texmf-dist/tex/generic/bitset/bitset.sty
Package: bitset 2019/12/09 v1.3 Handle bit-vector datatype (HO)

(/usr/share/texlive/texmf-dist/tex/generic/bigintcalc/bigintcalc.sty
Package: bigintcalc 2019/12/15 v1.5 Expandable calculations on big integers (HO
)
))
\Fld@menulength=\count287
\Field@Width=\dimen176
\Fld@charsize=\dimen177
Package hyperref Info: Hyper figures OFF on input line 6430.
Package hyperref Info: Link nesting OFF on input line 6435.
Package hyperref Info: Hyper index ON on input line 6438.
Package hyperref Info: backreferencing OFF on input line 6445.
Package hyperref Info: Link coloring OFF on input line 6450.
Package hyperref Info: Link coloring with OCG OFF on input line 6455.
Package hyperref Info: PDF/A mode OFF on input line 6460.
LaTeX Info: Redefining \ref on input line 6500.
LaTeX Info: Redefining \pageref on input line 6504.

(/usr/share/texlive/texmf-dist/tex/generic/atbegshi/atbegshi.sty
Package: atbegshi 2019/12/05 v1.19 At begin shipout hook (HO)
)
\Hy@abspage=\count288
\c@Item=\count289
\c@Hfootnote=\count290
)
Package hyperref Info: Driver (autodetected): hpdftex.

(/usr/share/texlive/texmf-dist/tex/latex/hyperref/hpdftex.def
File: hpdftex.def 2020/01/14 v7.00d Hyperref driver for pdfTeX

(/usr/share/texlive/texmf-dist/tex/latex/atveryend/atveryend.sty
Package: atveryend 2019-12-11 v1.11 Hooks at the very end of document (HO)
Package atveryend Info: \enddocument detected (standard20110627).
Package atveryend Info: \a@enddocument detected (standard20110627).
)
\Fld@listcount=\count291
\c@bookmark@seq@number=\count292

(/usr/share/texlive/texmf-dist/tex/latex/rerunfilecheck/rerunfilecheck.sty
Package: rerunfilecheck 2019/12/05 v1.9 Rerun checks for auxiliary files (HO)

(/usr/share/texlive/texmf-dist/tex/generic/uniquecounter/uniquecounter.sty
Package: uniquecounter 2019/12/15 v1.4 Provide unlimited unique counter (HO)
)
Package uniquecounter Info: New unique counter `rerunfilecheck' on input line 2
86.
)
\Hy@SectionHShift=\skip51
)
(/usr/share/texlive/texmf-dist/tex/latex/cite/cite.sty
LaTeX Info: Redefining \cite on input line 302.
LaTeX Info: Redefining \nocite on input line 332.
Package: cite 2015/02/27  v 5.5
)
(/usr/share/texlive/texmf-dist/tex/latex/l3backend/l3backend-pdfmode.def
File: l3backend-pdfmode.def 2020-02-03 L3 backend support: PDF mode
\l__kernel_color_stack_int=\count293
\l__pdf_internal_box=\box60
)
(./head.aux

LaTeX Warning: Label `fig:mldlcv' multiply defined.

)
\openout1 = `head.aux'.

LaTeX Font Info:    Checking defaults for OML/cmm/m/it on input line 17.
LaTeX Font Info:    ... okay on input line 17.
LaTeX Font Info:    Checking defaults for OMS/cmsy/m/n on input line 17.
LaTeX Font Info:    ... okay on input line 17.
LaTeX Font Info:    Checking defaults for OT1/cmr/m/n on input line 17.
LaTeX Font Info:    ... okay on input line 17.
LaTeX Font Info:    Checking defaults for T1/cmr/m/n on input line 17.
LaTeX Font Info:    ... okay on input line 17.
LaTeX Font Info:    Checking defaults for TS1/cmr/m/n on input line 17.
LaTeX Font Info:    ... okay on input line 17.
LaTeX Font Info:    Checking defaults for OMX/cmex/m/n on input line 17.
LaTeX Font Info:    ... okay on input line 17.
LaTeX Font Info:    Checking defaults for U/cmr/m/n on input line 17.
LaTeX Font Info:    ... okay on input line 17.
LaTeX Font Info:    Checking defaults for PD1/pdf/m/n on input line 17.
LaTeX Font Info:    ... okay on input line 17.

*geometry* driver: auto-detecting
*geometry* detected driver: pdftex
*geometry* verbose mode - [ preamble ] result:
* driver: pdftex
* paper: a4paper
* layout: <same size as paper>
* layoutoffset:(h,v)=(0.0pt,0.0pt)
* modes: 
* h-part:(L,W,R)=(72.26999pt, 452.9679pt, 72.26999pt)
* v-part:(T,H,B)=(72.26999pt, 700.50687pt, 72.26999pt)
* \paperwidth=597.50787pt
* \paperheight=845.04684pt
* \textwidth=452.9679pt
* \textheight=700.50687pt
* \oddsidemargin=0.0pt
* \evensidemargin=0.0pt
* \topmargin=-37.0pt
* \headheight=12.0pt
* \headsep=25.0pt
* \topskip=12.0pt
* \footskip=30.0pt
* \marginparwidth=35.0pt
* \marginparsep=10.0pt
* \columnsep=10.0pt
* \skip\footins=10.8pt plus 4.0pt minus 2.0pt
* \hoffset=0.0pt
* \voffset=0.0pt
* \mag=1000
* \@twocolumnfalse
* \@twosidefalse
* \@mparswitchfalse
* \@reversemarginfalse
* (1in=72.27pt=25.4mm, 1cm=28.453pt)

(/usr/share/texlive/texmf-dist/tex/context/base/mkii/supp-pdf.mkii
[Loading MPS to PDF converter (version 2006.09.02).]
\scratchcounter=\count294
\scratchdimen=\dimen178
\scratchbox=\box61
\nofMPsegments=\count295
\nofMParguments=\count296
\everyMPshowfont=\toks36
\MPscratchCnt=\count297
\MPscratchDim=\dimen179
\MPnumerator=\count298
\makeMPintoPDFobject=\count299
\everyMPtoPDFconversion=\toks37
) (/usr/share/texlive/texmf-dist/tex/latex/epstopdf-pkg/epstopdf-base.sty
Package: epstopdf-base 2020-01-24 v2.11 Base part for package epstopdf
Package epstopdf-base Info: Redefining graphics rule for `.eps' on input line 4
85.

(/usr/share/texlive/texmf-dist/tex/latex/latexconfig/epstopdf-sys.cfg
File: epstopdf-sys.cfg 2010/07/13 v1.3 Configuration of (r)epstopdf for TeX Liv
e
))
Package caption Info: Begin \AtBeginDocument code.
Package caption Info: hyperref package is loaded.
Package caption Info: End \AtBeginDocument code.
\AtBeginShipoutBox=\box62
Package hyperref Info: Link coloring OFF on input line 17.

(/usr/share/texlive/texmf-dist/tex/latex/hyperref/nameref.sty
Package: nameref 2019/09/16 v2.46 Cross-referencing by name of section

(/usr/share/texlive/texmf-dist/tex/latex/refcount/refcount.sty
Package: refcount 2019/12/15 v3.6 Data extraction from label references (HO)
)
(/usr/share/texlive/texmf-dist/tex/generic/gettitlestring/gettitlestring.sty
Package: gettitlestring 2019/12/15 v1.6 Cleanup title references (HO)
)
\c@section@level=\count300
)
LaTeX Info: Redefining \ref on input line 17.
LaTeX Info: Redefining \pageref on input line 17.
LaTeX Info: Redefining \nameref on input line 17.

(./head.out) (./head.out)
\@outlinefile=\write5
\openout5 = `head.out'.


(/usr/share/texlive/texmf-dist/tex/latex/arabtex/apatch.sty
\a@lines=\count301
\a@Lwidth=\dimen180
\a@displaywidth=\dimen181

(/usr/share/texlive/texmf-dist/tex/latex/arabtex/alocal.sty
(ArabTeX) 3.11 local stub, 26.02.2006)
(ArabTeX) version 3.11s (02.07.2006): second phase of patching)
(ArabTeX) input encoding set to UTF-8 conventions (./cover-page/cover-page.tex
<./cover-page/esi-logo.png, id=180, 451.6875pt x 79.04532pt>
File: ./cover-page/esi-logo.png Graphic file (type png)
<use ./cover-page/esi-logo.png>
Package pdftex.def Info: ./cover-page/esi-logo.png  used on input line 5.
(pdftex.def)             Requested size: 451.68639pt x 79.0451pt.

[1

{/var/lib/texmf/fonts/map/pdftex/updmap/pdftex.map} <./cover-page/esi-logo.png>
])pdfTeX warning (ext4): destination with the same identifier (name{page.1}) ha
s been already used, duplicate ignored
<to be read again> 
                   \relax 
l.23 \newpage
              [1] (./head.toc
LaTeX Font Info:    External font `cmex10' loaded for size
(Font)              <12> on input line 2.
LaTeX Font Info:    External font `cmex10' loaded for size
(Font)              <8> on input line 2.
LaTeX Font Info:    External font `cmex10' loaded for size
(Font)              <6> on input line 2.
 [2

])
\tf@toc=\write6
\openout6 = `head.toc'.

 [3] (./head.lof)
\tf@lof=\write7
\openout7 = `head.lof'.

 [4

] (./head.lot)
\tf@lot=\write8
\openout8 = `head.lot'.

 [5

]
(./abstract/abstract.tex
LaTeX Font Info:    Trying to load font information for U+xnsh on input line 4.


(/usr/share/texlive/texmf-dist/tex/latex/arabtex/Uxnsh.fd
File: uxnsh.fd  1999/10/19 v3.10 ArabTeX Naskh extd. font definitions
)
LaTeX Font Info:    Font shape `U/xnsh/m/n' will be
(Font)              scaled to size 17.28003pt on input line 4.
) [6]
(./general-intoduction/general-intoduction.tex) [7]
Chapter 1.
(./chapter-01-general-medical-information/skin.tex
<./chapter-01-general-medical-information/skin-anatomy.jpg, id=335, 803.0pt x 6
02.25pt>
File: ./chapter-01-general-medical-information/skin-anatomy.jpg Graphic file (t
ype jpg)
<use ./chapter-01-general-medical-information/skin-anatomy.jpg>
Package pdftex.def Info: ./chapter-01-general-medical-information/skin-anatomy.
jpg  used on input line 15.
(pdftex.def)             Requested size: 426.79134pt x 320.10074pt.
<./chapter-01-general-medical-information/hair-sweat-gland.jpg, id=339, 1927.2p
t x 1060.96375pt>
File: ./chapter-01-general-medical-information/hair-sweat-gland.jpg Graphic fil
e (type jpg)
<use ./chapter-01-general-medical-information/hair-sweat-gland.jpg>
Package pdftex.def Info: ./chapter-01-general-medical-information/hair-sweat-gl
and.jpg  used on input line 31.
(pdftex.def)             Requested size: 426.79134pt x 234.9507pt.
 [8

] [9 <./chapter-01-general-medical-information/skin-anatomy.jpg> <./chapter-01-
general-medical-information/hair-sweat-gland.jpg>]
<./chapter-01-general-medical-information/protective-barrier.jpg, id=362, 963.6
pt x 542.025pt>
File: ./chapter-01-general-medical-information/protective-barrier.jpg Graphic f
ile (type jpg)
<use ./chapter-01-general-medical-information/protective-barrier.jpg>
Package pdftex.def Info: ./chapter-01-general-medical-information/protective-ba
rrier.jpg  used on input line 64.
(pdftex.def)             Requested size: 426.79134pt x 240.06314pt.
<./chapter-01-general-medical-information/vitaminD.jpg, id=365, 99.0099pt x 66.
05478pt>
File: ./chapter-01-general-medical-information/vitaminD.jpg Graphic file (type 
jpg)
<use ./chapter-01-general-medical-information/vitaminD.jpg>
Package pdftex.def Info: ./chapter-01-general-medical-information/vitaminD.jpg 
 used on input line 72.
(pdftex.def)             Requested size: 284.52756pt x 189.84145pt.
) (./chapter-01-general-medical-information/cancer.tex
<./chapter-01-general-medical-information/mutation.png, id=378, 1204.5pt x 644.
4075pt>
File: ./chapter-01-general-medical-information/mutation.png Graphic file (type 
png)
<use ./chapter-01-general-medical-information/mutation.png>
Package pdftex.def Info: ./chapter-01-general-medical-information/mutation.png 
 used on input line 31.
(pdftex.def)             Requested size: 426.79134pt x 228.33853pt.
<./chapter-01-general-medical-information/dna-rearrangement.png, id=381, 450.93
47pt x 315.42844pt>
File: ./chapter-01-general-medical-information/dna-rearrangement.png Graphic fi
le (type png)
<use ./chapter-01-general-medical-information/dna-rearrangement.png>
Package pdftex.def Info: ./chapter-01-general-medical-information/dna-rearrange
ment.png  used on input line 39.
(pdftex.def)             Requested size: 426.79134pt x 298.55794pt.

[10] [11 <./chapter-01-general-medical-information/protective-barrier.jpg> <./c
hapter-01-general-medical-information/vitaminD.jpg>]
<./chapter-01-general-medical-information/benign-malignant.png, id=399, 276.031
25pt x 183.68625pt>
File: ./chapter-01-general-medical-information/benign-malignant.png Graphic fil
e (type png)
<use ./chapter-01-general-medical-information/benign-malignant.png>
Package pdftex.def Info: ./chapter-01-general-medical-information/benign-malign
ant.png  used on input line 54.
(pdftex.def)             Requested size: 426.79134pt x 284.04083pt.
 [12 <./chapter-01-general-medical-information/mutation.png>] [13 <./chapter-01
-general-medical-information/dna-rearrangement.png> <./chapter-01-general-medic
al-information/benign-malignant.png>]) (./chapter-01-general-medical-informatio
n/skin-cancer.tex
<./chapter-01-general-medical-information/Melanoma.jpg, id=426, 271.0125pt x 18
8.57953pt>
File: ./chapter-01-general-medical-information/Melanoma.jpg Graphic file (type 
jpg)
<use ./chapter-01-general-medical-information/Melanoma.jpg>
Package pdftex.def Info: ./chapter-01-general-medical-information/Melanoma.jpg 
 used on input line 38.
(pdftex.def)             Requested size: 135.5059pt x 94.28954pt.
<./chapter-01-general-medical-information/Squamous.png, id=429, 388.45125pt x 3
53.32pt>
File: ./chapter-01-general-medical-information/Squamous.png Graphic file (type 
png)
<use ./chapter-01-general-medical-information/Squamous.png>
Package pdftex.def Info: ./chapter-01-general-medical-information/Squamous.png 
 used on input line 44.
(pdftex.def)             Requested size: 116.53627pt x 105.99681pt.
<./chapter-01-general-medical-information/basal.jpeg, id=432, 260.975pt x 194.7
275pt>
File: ./chapter-01-general-medical-information/basal.jpeg Graphic file (type jp
g)
<use ./chapter-01-general-medical-information/basal.jpeg>
Package pdftex.def Info: ./chapter-01-general-medical-information/basal.jpeg  u
sed on input line 50.
(pdftex.def)             Requested size: 130.48718pt x 97.3635pt.


LaTeX Warning: `h' float specifier changed to `ht'.

[14] [15 <./chapter-01-general-medical-information/Melanoma.jpg> <./chapter-01-
general-medical-information/Squamous.png> <./chapter-01-general-medical-informa
tion/basal.jpeg>]
Overfull \hbox (7.18341pt too wide) in paragraph at lines 97--98
[]\OT1/cmr/m/n/12 some harm-ful/unharmful sub-stances can in-crease your
 []

[16]) [17]
Chapter 2.
(./chapter-02-general-ai-information/ai.tex [18

] [19] [20]
Overfull \hbox (5.4355pt too wide) in paragraph at lines 85--86
[]\OT1/cmr/m/n/12 one-shot learn-
 []

[21]
<./chapter-02-general-ai-information/versus.jpg, id=515, 869.4081pt x 857.8449p
t>
File: ./chapter-02-general-ai-information/versus.jpg Graphic file (type jpg)
<use ./chapter-02-general-ai-information/versus.jpg>
Package pdftex.def Info: ./chapter-02-general-ai-information/versus.jpg  used o
n input line 98.
(pdftex.def)             Requested size: 284.52756pt x 280.74664pt.
 [22 <./chapter-02-general-ai-information/versus.jpg>]
<./chapter-02-general-ai-information/machine-learning-cv.png, id=524, 1606.0pt 
x 688.5725pt>
File: ./chapter-02-general-ai-information/machine-learning-cv.png Graphic file 
(type png)
<use ./chapter-02-general-ai-information/machine-learning-cv.png>
Package pdftex.def Info: ./chapter-02-general-ai-information/machine-learning-c
v.png  used on input line 117.
(pdftex.def)             Requested size: 341.43306pt x 146.39063pt.
 [23 <./chapter-02-general-ai-information/machine-learning-cv.png>]
<./chapter-02-general-ai-information/cnn.png, id=536, 1606.0pt x 620.3175pt>
File: ./chapter-02-general-ai-information/cnn.png Graphic file (type png)
<use ./chapter-02-general-ai-information/cnn.png>
Package pdftex.def Info: ./chapter-02-general-ai-information/cnn.png  used on i
nput line 136.
(pdftex.def)             Requested size: 426.79134pt x 164.84715pt.
 [24 <./chapter-02-general-ai-information/cnn.png>]) [25]
Chapter 3.
(./chapter-05-our-contribution/contribution.tex
<./chapter-05-our-contribution/3.png, id=552, 1003.75pt x 434.62375pt>
File: ./chapter-05-our-contribution/3.png Graphic file (type png)
<use ./chapter-05-our-contribution/3.png>
Package pdftex.def Info: ./chapter-05-our-contribution/3.png  used on input lin
e 22.
(pdftex.def)             Requested size: 426.79134pt x 184.80217pt.
 [26

]
<./chapter-05-our-contribution/2.png, id=559, 674.52pt x 1175.39125pt>
File: ./chapter-05-our-contribution/2.png Graphic file (type png)
<use ./chapter-05-our-contribution/2.png>
Package pdftex.def Info: ./chapter-05-our-contribution/2.png  used on input lin
e 39.
(pdftex.def)             Requested size: 341.43306pt x 594.9758pt.
<./chapter-05-our-contribution/5.png, id=560, 1189.44376pt x 508.90125pt>
File: ./chapter-05-our-contribution/5.png Graphic file (type png)
<use ./chapter-05-our-contribution/5.png>
Package pdftex.def Info: ./chapter-05-our-contribution/5.png  used on input lin
e 49.
(pdftex.def)             Requested size: 426.79134pt x 182.59862pt.
 [27 <./chapter-05-our-contribution/3.png>] [28 <./chapter-05-our-contribution/
2.png>]
<./chapter-05-our-contribution/4.png, id=573, 1003.75pt x 470.75874pt>
File: ./chapter-05-our-contribution/4.png Graphic file (type png)
<use ./chapter-05-our-contribution/4.png>
Package pdftex.def Info: ./chapter-05-our-contribution/4.png  used on input lin
e 72.
(pdftex.def)             Requested size: 426.79134pt x 200.1668pt.
 [29 <./chapter-05-our-contribution/5.png> <./chapter-05-our-contribution/4.png
>]
<./chapter-05-our-contribution/1.png, id=581, 498.86375pt x 497.86pt>
File: ./chapter-05-our-contribution/1.png Graphic file (type png)
<use ./chapter-05-our-contribution/1.png>
Package pdftex.def Info: ./chapter-05-our-contribution/1.png  used on input lin
e 89.
(pdftex.def)             Requested size: 426.79134pt x 425.9482pt.
) [30 <./chapter-05-our-contribution/1.png>] [31]
Chapter 4.
(./head.bbl [32

]
Underfull \hbox (badness 1092) in paragraph at lines 4--6
[]\OT1/cmr/m/n/12 Skin, cleve-land clinic.  []$\OT1/cmtt/m/n/12 https : / / my 
. clevelandclinic . org / health / articles /
 []


Underfull \hbox (badness 2790) in paragraph at lines 8--11
[]\OT1/cmr/m/n/12 Hair and hu-man skin anatomy.  []$\OT1/cmtt/m/n/12 https : / 
/ www . vecteezy . com / vector-[]art /
 []


Underfull \hbox (badness 10000) in paragraph at lines 46--48
[]\OT1/cmr/m/n/12 Cancer, world health or-ga-ni-za-tion.  []$\OT1/cmtt/m/n/12 h
ttps : / / www . who . int / news-[]room /
 []


Underfull \hbox (badness 5893) in paragraph at lines 72--75
[]\OT1/cmr/m/n/12 What is can-cer?, na-tional can-cer in-sti-tute.  []$\OT1/cmt
t/m/n/12 https : / / www . cancer . gov /
 []

[33

]
Underfull \hbox (badness 2903) in paragraph at lines 91--93
[]\OT1/cmr/m/n/12 Skin can-cer 101, skin can-cer foun-da-tion.  []$\OT1/cmtt/m/
n/12 https : / / www . skincancer . org /
 []


Underfull \hbox (badness 10000) in paragraph at lines 95--97
[]\OT1/cmr/m/n/12 Skin can-cer (non-melanoma), nhs.  []$\OT1/cmtt/m/n/12 https 
: / / www . nhs . uk / conditions /
 []


Underfull \hbox (badness 10000) in paragraph at lines 114--119
[]\OT1/cmr/m/n/12 First im-munother-apy for ad-vanced basal cell car-ci-noma ap
-
 []


Underfull \hbox (badness 10000) in paragraph at lines 114--119
\OT1/cmr/m/n/12 proved in us, eu-ro-pean phar-ma-cau-ti-cal re-view.  []$\OT1/c
mtt/m/n/12 https :
 []


Underfull \hbox (badness 10000) in paragraph at lines 114--119
\OT1/cmtt/m/n/12 / / www . europeanpharmaceuticalreview . com / news / 142524 /

 []


Overfull \hbox (54.92372pt too wide) in paragraph at lines 114--119
\OT1/cmtt/m/n/12 libtayo-[]first-[]immunotherapy-[]for-[]advanced-[]basal-[]cel
l-[]carcinoma-[]approved-[]in-[]us/$[]\OT1/cmr/m/n/12 ,
 []


Underfull \hbox (badness 10000) in paragraph at lines 125--129
[]\OT1/cmr/m/n/12 Skin can-cer di-ag-no-sis, mayo clinic.  []$\OT1/cmtt/m/n/12 
https : / / www . mayoclinic . org /
 []


Underfull \hbox (badness 10000) in paragraph at lines 125--129
\OT1/cmtt/m/n/12 diseases-[]conditions / skin-[]cancer / diagnosis-[]treatment 
/ drc-[]20377608$[]\OT1/cmr/m/n/12 ,
 []

)
Package atveryend Info: Empty hook `BeforeClearDocument' on input line 71.
 [34]
Package atveryend Info: Empty hook `AfterLastShipout' on input line 71.
 (./head.aux)
Package atveryend Info: Executing hook `AtVeryEndDocument' on input line 71.


 *File List*
  report.cls    2019/12/20 v1.4l Standard LaTeX document class
  size12.clo    2019/12/20 v1.4l Standard LaTeX file (size option)
geometry.sty    2020/01/02 v5.9 Page Geometry
  keyval.sty    2014/10/28 v1.15 key=value parser (DPC)
  ifvtex.sty    2019/10/25 v1.7 ifvtex legacy package. Use iftex instead.
   iftex.sty    2019/11/07 v1.0c TeX engine tests
graphicx.sty    2019/11/30 v1.2a Enhanced LaTeX Graphics (DPC,SPQR)
graphics.sty    2019/11/30 v1.4a Standard LaTeX Graphics (DPC,SPQR)
    trig.sty    2016/01/03 v1.10 sin cos tan (DPC)
graphics.cfg    2016/06/04 v1.11 sample graphics configuration
  pdftex.def    2018/01/08 v1.0l Graphics/color driver for pdftex
 arabtex.sty    2003/08/22  3.11 ArabTeX main module
 arabaux.sty    2003/05/21  3.11 auxiliary macros for ArabTeX
    acmd.sty    2003/08/20  3.11 Arabic command processing 
  afonts.sty    1995/11/16  3.04 define Naskh font 
 afonts2.sty    1998/10/19  3.10 define Naskh fonts for LaTeX2e
   ascan.sty    2003/08/22  3.11 standard ZDMG input encoding 
  aparse.sty    2003/05/26  3.11 get syllables 
  awrite.sty    2003/06/05  3.11 build output word 
xarbsymb.sty    1998/07/15  3.07 symbolic output encoding 
arabskel.sty    2000/06/04  3.10 character skeleton definitions 
xarbskel.sty    1999/07/17  3.09 character skeleton definitions 
  aboxes.sty    2003/05/28  3.11 build output boxes
arabtoks.sty    1999/07/17  3.09 ArabTeX CS token definitions 
arabchrs.sty    1998/07/11  3.07 letter token definitions 
   aligs.sty    2003/05/26  3.11 compute ligatures
 aoutput.sty    2000/06/04  3.10 build output lines
  abidir.sty    2003/08/22  3.11 bidirectional linebreaking
  atrans.sty    2003/06/14  3.11 generate the transliteration 
  alatex.sty    2003/05/04  3.11 ArabTeX extensions for LaTeX 
   afoot.sty    2003/05/12  3.11 ArabTeX footnotes
   abjad.sty    2003/04/26  3.11 abjad numerals 
  apatch.sty    2006/07/02  3.11s last minute patches 
  alists.sty    2003/04/26  3.11 inverted list macros
   asect.sty    2003/04/26  3.11 section macros for Arabic
   atabg.sty    1997/01/21  3.05 LaTeX tabbing macros for Arabic
    utf8.sty    2000/06/13  3.10 UTF-8 input encoding 
 utfcode.sty    2002/03/07  3.10a Arabic+Hebrew segment of UTF-8
 caption.sty    2020/01/03 v3.4h Customizing captions (AR)
caption3.sty    2020/01/03 v1.8h caption3 kernel (AR)
subcaption.sty    2020/01/22 v1.3d Sub-captions (AR)
hyperref.sty    2020/01/14 v7.00d Hypertext links for LaTeX
 ltxcmds.sty    2019/12/15 v1.24 LaTeX kernel commands for general use (HO)
pdftexcmds.sty    2019/11/24 v0.31 Utility functions of pdfTeX for LuaTeX (HO)
infwarerr.sty    2019/12/03 v1.5 Providing info/warning/error messages (HO)
kvsetkeys.sty    2019/12/15 v1.18 Key value parser (HO)
kvdefinekeys.sty    2019-12-19 v1.6 Define keys (HO)
pdfescape.sty    2019/12/09 v1.15 Implements pdfTeX's escape features (HO)
 hycolor.sty    2020-01-27 v1.10 Color options for hyperref/bookmark (HO)
letltxmacro.sty    2019/12/03 v1.6 Let assignment for LaTeX macros (HO)
 auxhook.sty    2019-12-17 v1.6 Hooks for auxiliary files (HO)
kvoptions.sty    2019/11/29 v3.13 Key value format for package options (HO)
  pd1enc.def    2020/01/14 v7.00d Hyperref: PDFDocEncoding definition (HO)
 intcalc.sty    2019/12/15 v1.3 Expandable calculations with integers (HO)
etexcmds.sty    2019/12/15 v1.7 Avoid name clashes with e-TeX commands (HO)
     url.sty    2013/09/16  ver 3.4  Verb mode for urls, etc.
  bitset.sty    2019/12/09 v1.3 Handle bit-vector datatype (HO)
bigintcalc.sty    2019/12/15 v1.5 Expandable calculations on big integers (HO)
atbegshi.sty    2019/12/05 v1.19 At begin shipout hook (HO)
 hpdftex.def    2020/01/14 v7.00d Hyperref driver for pdfTeX
atveryend.sty    2019-12-11 v1.11 Hooks at the very end of document (HO)
rerunfilecheck.sty    2019/12/05 v1.9 Rerun checks for auxiliary files (HO)
uniquecounter.sty    2019/12/15 v1.4 Provide unlimited unique counter (HO)
    cite.sty    2015/02/27  v 5.5
l3backend-pdfmode.def    2020-02-03 L3 backend support: PDF mode
supp-pdf.mkii
epstopdf-base.sty    2020-01-24 v2.11 Base part for package epstopdf
epstopdf-sys.cfg    2010/07/13 v1.3 Configuration of (r)epstopdf for TeX Live
 nameref.sty    2019/09/16 v2.46 Cross-referencing by name of section
refcount.sty    2019/12/15 v3.6 Data extraction from label references (HO)
gettitlestring.sty    2019/12/15 v1.6 Cleanup title references (HO)
    head.out
    head.out
  apatch.sty    2006/07/02  3.11s last minute patches 
cover-page/cover-page.tex
./cover-page/esi-logo.png
abstract/abstract.tex
   Uxnsh.fd
general-intoduction/general-intoduction.tex
chapter-01-general-medical-information/skin.tex
./chapter-01-general-medical-information/skin-anatomy.jpg
./chapter-01-general-medical-information/hair-sweat-gland.jpg
./chapter-01-general-medical-information/protective-barrier.jpg
./chapter-01-general-medical-information/vitaminD.jpg
chapter-01-general-medical-information/cancer.tex
./chapter-01-general-medical-information/mutation.png
./chapter-01-general-medical-information/dna-rearrangement.png
./chapter-01-general-medical-information/benign-malignant.png
chapter-01-general-medical-information/skin-cancer.tex
./chapter-01-general-medical-information/Melanoma.jpg
./chapter-01-general-medical-information/Squamous.png
./chapter-01-general-medical-information/basal.jpeg
chapter-02-general-ai-information/ai.tex
./chapter-02-general-ai-information/versus.jpg
./chapter-02-general-ai-information/machine-learning-cv.png
./chapter-02-general-ai-information/cnn.png
chapter-05-our-contribution/contribution.tex
./chapter-05-our-contribution/3.png
./chapter-05-our-contribution/2.png
./chapter-05-our-contribution/5.png
./chapter-05-our-contribution/4.png
./chapter-05-our-contribution/1.png
    head.bbl
 ***********

Package atveryend Info: Executing hook `AtEndAfterFileList' on input line 71.

Package rerunfilecheck Warning: File `head.out' has changed.
(rerunfilecheck)                Rerun to get outlines right
(rerunfilecheck)                or use package `bookmark'.

Package rerunfilecheck Info: Checksums for `head.out':
(rerunfilecheck)             Before: E18AE0E666EF20D38F8E6526DCD3AF84;2995
(rerunfilecheck)             After:  E11FB1180FAB2671C182C65FD1D48D56;3083.

LaTeX Warning: There were multiply-defined labels.

Package atveryend Info: Empty hook `AtVeryVeryEnd' on input line 71.
 ) 
Here is how much of TeX's memory you used:
 9665 strings out of 481239
 141354 string characters out of 5920377
 424450 words of memory out of 5000000
 24541 multiletter control sequences out of 15000+600000
 539274 words of font info for 47 fonts, out of 8000000 for 9000
 1141 hyphenation exceptions out of 8191
 41i,8n,42p,1137b,510s stack positions out of 5000i,500n,10000p,200000b,80000s
{/usr/share/texmf/fonts/enc/dvips/cm-super/cm-super-ts1.enc}</usr/share/texli
ve/texmf-dist/fonts/type1/public/amsfonts/cm/cmbx12.pfb></usr/share/texlive/tex
mf-dist/fonts/type1/public/amsfonts/cm/cmr10.pfb></usr/share/texlive/texmf-dist
/fonts/type1/public/amsfonts/cm/cmr12.pfb></usr/share/texlive/texmf-dist/fonts/
type1/public/amsfonts/cm/cmr17.pfb></usr/share/texlive/texmf-dist/fonts/type1/p
ublic/amsfonts/cm/cmti12.pfb></usr/share/texlive/texmf-dist/fonts/type1/public/
amsfonts/cm/cmtt12.pfb></usr/share/texmf/fonts/type1/public/cm-super/sfrm1200.p
fb></usr/share/texlive/texmf-dist/fonts/type1/public/arabtex/xnsh14.pfb>
Output written on head.pdf (35 pages, 2475697 bytes).
PDF statistics:
 714 PDF objects out of 1000 (max. 8388607)
 619 compressed objects within 7 object streams
 142 named destinations out of 1000 (max. 500000)
 448 words of extra memory for PDF output out of 10000 (max. 10000000)

